FrameworkManager-[Notice] Welcome to Mantid 4.2.20200229.709
FrameworkManager-[Notice] Please cite: http://dx.doi.org/10.1016/j.nima.2014.07.029 and this release: http://dx.doi.org/10.5286/Software/Mantid
DllOpen-[Error] Could not open library /SNS/software/miniconda2/envs/sans-dev/plugins/libMantidLiveData.so: /SNS/software/miniconda2/envs/sans-dev/plugins/libMantidLiveData.so: undefined symbol: _ZN7RdKafka7err2strENS_9ErrorCodeE
DownloadInstrument-[Notice] All instrument definitions up to date
Python-[Notice] {
  "instrumentName": "EQSANS",
  "iptsNumber": "24769",
  "runNumber": "112300",
  "thickness": "1",
  "outputFilename": "EQSANS_112300",
  "transmission": {
    "runNumber": "112297",
    "value": ""
  },
  "background": {
    "runNumber": "112299",
    "transmission": {
      "runNumber": "112296",
      "value": ""
    }
  },
  "empty": {
    "runNumber": "112295"
  },
  "configuration": {
    "outputDir": "/SNS/users/j35/tmp/drt-sans/reduced/",
    "sampleApertureSize": "10",
    "maskFileName": "/SNS/EQSANS/shared/NeXusFiles/EQSANS/2019B_mp/mask_beamstop60_4m.nxs",
    "useMaskFileName": true,
    "useDefaultMask": true,
    "beamFluxFileName": "/SNS/EQSANS/shared/instrument_configuration/bl6_flux_at_sample",
    "useBeamFluxFileName": true,
    "useDarkFileBlockedBeam": true,
    "useBlockedBeam": false,
    "darkFileName": "/SNS/EQSANS/shared/NeXusFiles/EQSANS/2019B_mp/EQSANS_108764.nxs.h5",
    "useDarkFileName": true,
    "sensitivityFileName": "/SNS/EQSANS/shared/NeXusFiles/EQSANS/2019B_mp/Sensitivity_patched_thinPMMA_4m_108772.nxs",
    "useSensitivityFileName": true,
    "absoluteScale": "1",
    "normalization": "Total charge",
    "fluxMonitorRatioFile": "/SNS/EQSANS/IPTS-24769/shared/EQSANS_110943.out",
    "sampleOffset": "-314.5",
    "useSampleOffset": true,
    "detectorOffset": "0",
    "useDetectorOffset": true,
    "useSolidAngleCorrection": true,
    "useDetectorTubeType": true,
    "useFlightPathCorrection": true,
    "useThetaDepTransCorrection": true,
    "mmRadiusForTransmission": "",
    "numQxQyBins": 80,
    "QbinType": "linear",
    "numQBins": 120,
    "useErrorWeighting": true,
    "useTOFcuts": false,
    "TOFmin": "",
    "TOFmax": "",
    "useMaskBackTubes": false,
    "wavelenStepType": "constant lambda",
    "wavelenStep": 0.1
  }
}
Python-[Notice] drtsans version: 1.0.2+304.g110da1f.dirty
Python-[Notice] ...weighting option selected weighted = True
Python-[Notice] ...LogQBinsPerDecade : None
Python-[Notice] ...LogQBinsDecadeCenter : False
Python-[Notice] ...LogQBinsEvenDecade : False
LoadEventNexus-[Notice] LoadEventNexus started
LoadEventNexus-[Notice] LoadEventNexus successful, Duration 7.22 seconds
EQSANSCorrectFrame-[Notice] EQSANSCorrectFrame started
EQSANSCorrectFrame-[Notice] EQSANSCorrectFrame successful, Duration 0.39 seconds
Python-[Notice] ...solid angle...True
LoadNexusProcessed-[Notice] LoadNexusProcessed started
LoadNexusProcessed-[Notice] LoadNexusProcessed successful, Duration 3.11 seconds
DllOpen-[Error] Could not open library /SNS/software/miniconda2/envs/sans-dev/plugins/libMantidLiveData.so: /SNS/software/miniconda2/envs/sans-dev/plugins/libMantidLiveData.so: undefined symbol: _ZN7RdKafka7err2strENS_9ErrorCodeE
LoadEventNexus-[Notice] LoadEventNexus started
LoadEventNexus-[Notice] LoadEventNexus successful, Duration 1.90 seconds
EQSANSCorrectFrame-[Notice] EQSANSCorrectFrame started
EQSANSCorrectFrame-[Notice] EQSANSCorrectFrame successful, Duration 0.09 seconds
MaskDetectors-[Notice] MaskDetectors started
MaskDetectors-[Notice] MaskDetectors successful, Duration 0.04 seconds
ExtractMask-[Notice] ExtractMask started
ExtractMask-[Notice] ExtractMask successful, Duration 0.18 seconds
Integration-[Notice] Integration started
Integration-[Notice] Integration successful, Duration 0.27 seconds
CloneWorkspace-[Notice] CloneWorkspace started
CloneWorkspace-[Notice] CloneWorkspace successful, Duration 0.06 seconds
ClearMaskFlag-[Notice] ClearMaskFlag started
ClearMaskFlag-[Notice] ClearMaskFlag successful, Duration 0.00 seconds
SolidAngle-[Notice] SolidAngle started
SolidAngle-[Notice] SolidAngle successful, Duration 0.07 seconds
Divide-[Notice] Divide started
Divide-[Notice] Divide successful, Duration 0.05 seconds
ReplaceSpecialValues-[Notice] ReplaceSpecialValues started
ReplaceSpecialValues-[Notice] ReplaceSpecialValues successful, Duration 0.03 seconds
DeleteWorkspace-[Notice] DeleteWorkspace started
DeleteWorkspace-[Notice] DeleteWorkspace successful, Duration 0.00 seconds
FindCenterOfMassPosition-[Notice] FindCenterOfMassPosition started
FindCenterOfMassPosition-[Notice] FindCenterOfMassPosition successful, Duration 0.17 seconds
DeleteWorkspace-[Notice] DeleteWorkspace started
DeleteWorkspace-[Notice] DeleteWorkspace successful, Duration 0.00 seconds
Python-[Notice] calculated center [0.03357003 0.01878923]
LoadEventNexus-[Notice] LoadEventNexus started
LoadEventNexus-[Notice] LoadEventNexus successful, Duration 10.12 seconds
MoveInstrumentComponent-[Notice] MoveInstrumentComponent started
MoveInstrumentComponent-[Notice] MoveInstrumentComponent successful, Duration 0.00 seconds
EQSANSCorrectFrame-[Notice] EQSANSCorrectFrame started
EQSANSCorrectFrame-[Notice] EQSANSCorrectFrame successful, Duration 0.39 seconds
MoveInstrumentComponent-[Notice] MoveInstrumentComponent started
MoveInstrumentComponent-[Notice] MoveInstrumentComponent successful, Duration 0.00 seconds
Python-[Warning] Clipped bands not present in the logs. Calculating using the chopper settings.
ConvertUnits-[Notice] ConvertUnits started
ConvertUnits-[Notice] ConvertUnits successful, Duration 0.27 seconds
Rebin-[Notice] Rebin started
Rebin-[Notice] Rebin successful, Duration 0.02 seconds
SetUncertainties-[Notice] SetUncertainties started
SetUncertainties-[Notice] SetUncertainties successful, Duration 0.28 seconds
SetUncertainties-[Notice] SetUncertainties started
SetUncertainties-[Notice] SetUncertainties successful, Duration 0.06 seconds
Integration-[Notice] Integration started
Integration-[Notice] Integration successful, Duration 0.20 seconds
DeleteWorkspace-[Notice] DeleteWorkspace started
DeleteWorkspace-[Notice] DeleteWorkspace successful, Duration 0.00 seconds
CreateWorkspace-[Notice] CreateWorkspace started
CreateWorkspace-[Notice] CreateWorkspace successful, Duration 0.28 seconds
Scale-[Notice] Scale started
Scale-[Notice] Scale successful, Duration 0.06 seconds
Minus-[Notice] Minus started
Minus-[Notice] Minus successful, Duration 0.07 seconds
DeleteWorkspace-[Notice] DeleteWorkspace started
DeleteWorkspace-[Notice] DeleteWorkspace successful, Duration 0.00 seconds
DeleteWorkspace-[Notice] DeleteWorkspace started
DeleteWorkspace-[Notice] DeleteWorkspace successful, Duration 0.00 seconds
CloneWorkspace-[Notice] CloneWorkspace started
CloneWorkspace-[Notice] CloneWorkspace successful, Duration 0.01 seconds
ClearMaskFlag-[Notice] ClearMaskFlag started
ClearMaskFlag-[Notice] ClearMaskFlag successful, Duration 0.00 seconds
SolidAngle-[Notice] SolidAngle started
SolidAngle-[Notice] SolidAngle successful, Duration 0.07 seconds
Divide-[Notice] Divide started
Divide-[Notice] Divide successful, Duration 0.04 seconds
ReplaceSpecialValues-[Notice] ReplaceSpecialValues started
ReplaceSpecialValues-[Notice] ReplaceSpecialValues successful, Duration 0.05 seconds
DeleteWorkspace-[Notice] DeleteWorkspace started
DeleteWorkspace-[Notice] DeleteWorkspace successful, Duration 0.00 seconds
MaskDetectors-[Notice] MaskDetectors started
MaskDetectors-[Notice] MaskDetectors successful, Duration 0.02 seconds
ExtractMask-[Notice] ExtractMask started
ExtractMask-[Notice] ExtractMask successful, Duration 0.12 seconds
MaskDetectors-[Notice] MaskDetectors started
MaskDetectors-[Notice] Masking using workspace indicies
MaskDetectors-[Notice] MaskDetectors successful, Duration 0.02 seconds
ReplaceSpecialValues-[Notice] ReplaceSpecialValues started
ReplaceSpecialValues-[Notice] ReplaceSpecialValues successful, Duration 0.08 seconds
MaskDetectorsIf-[Notice] MaskDetectorsIf started
MaskDetectorsIf-[Notice] MaskDetectorsIf successful, Duration 0.02 seconds
Divide-[Notice] Divide started
Divide-[Notice] Divide successful, Duration 0.06 seconds
DeleteWorkspace-[Notice] DeleteWorkspace started
DeleteWorkspace-[Notice] DeleteWorkspace successful, Duration 0.00 seconds
LoadAscii-[Notice] LoadAscii started
LoadAscii-[Notice] LoadAscii successful, Duration 0.02 seconds
ConvertToHistogram-[Notice] ConvertToHistogram started
ConvertToHistogram-[Notice] ConvertToHistogram successful, Duration 0.05 seconds
RebinToWorkspace-[Notice] RebinToWorkspace started
RebinToWorkspace-[Notice] RebinToWorkspace successful, Duration 0.02 seconds
RebinToWorkspace-[Notice] RebinToWorkspace started
RebinToWorkspace-[Notice] RebinToWorkspace successful, Duration 0.02 seconds
Divide-[Notice] Divide started
Divide-[Notice] Divide successful, Duration 0.06 seconds
DeleteWorkspace-[Notice] DeleteWorkspace started
DeleteWorkspace-[Notice] DeleteWorkspace successful, Duration 0.00 seconds
NormaliseByCurrent-[Notice] NormaliseByCurrent started
NormaliseByCurrent-[Notice] NormaliseByCurrent successful, Duration 0.05 seconds
DeleteWorkspace-[Notice] DeleteWorkspace started
DeleteWorkspace-[Notice] DeleteWorkspace successful, Duration 0.00 seconds
Python-[Warning] {'mask': [0, 1, 2, 3, 4, 5, 6, 7, 8, 9, 10, 11, 12, 13, 14, 15, 240, 241, 242, 243, 244, 245, 246, 247, 248, 249, 250, 251, 252, 253, 254, 255, 256, 257, 258, 259, 260, 261, 262, 263, 264, 265, 266, 267, 268, 269, 270, 271, 496, 497, 498, 499, 500, 501, 502, 503, 504, 505, 506, 507, 508, 509, 510, 511, 512, 513, 514, 515, 516, 517, 518, 519, 520, 521, 522, 523, 524, 525, 526, 527, 752, 753, 754, 755, 756, 757, 758, 759, 760, 761, 762, 763, 764, 765, 766, 767, 768, 769, 770, 771, 772, 773, 774, 775, 776, 777, 778, 779, 780, 781, 782, 783, 1008, 1009, 1010, 1011, 1012, 1013, 1014, 1015, 1016, 1017, 1018, 1019, 1020, 1021, 1022, 1023, 1024, 1025, 1026, 1027, 1028, 1029, 1030, 1031, 1032, 1033, 1034, 1035, 1036, 1037, 1038, 1039, 1264, 1265, 1266, 1267, 1268, 1269, 1270, 1271, 1272, 1273, 1274, 1275, 1276, 1277, 1278, 1279, 1280, 1281, 1282, 1283, 1284, 1285, 1286, 1287, 1288, 1289, 1290, 1291, 1292, 1293, 1294, 1295, 1520, 1521, 1522, 1523, 1524, 1525, 1526, 1527, 1528, 1529, 1530, 1531, 1532, 1533, 1534, 1535, 1536, 1537, 1538, 1539, 1540, 1541, 1542, 1543, 1544, 1545, 1546, 1547, 1548, 1549, 1550, 1551, 1776, 1777, 1778, 1779, 1780, 1781, 1782, 1783, 1784, 1785, 1786, 1787, 1788, 1789, 1790, 1791, 1792, 1793, 1794, 1795, 1796, 1797, 1798, 1799, 1800, 1801, 1802, 1803, 1804, 1805, 1806, 1807, 2032, 2033, 2034, 2035, 2036, 2037, 2038, 2039, 2040, 2041, 2042, 2043, 2044, 2045, 2046, 2047, 2048, 2049, 2050, 2051, 2052, 2053, 2054, 2055, 2056, 2057, 2058, 2059, 2060, 2061, 2062, 2063, 2064, 2065, 2066, 2067, 2068, 2069, 2070, 2071, 2072, 2073, 2074, 2075, 2076, 2077, 2078, 2079, 2080, 2081, 2082, 2083, 2084, 2085, 2086, 2087, 2088, 2089, 2090, 2091, 2092, 2093, 2094, 2095, 2096, 2097, 2098, 2099, 2100, 2101, 2102, 2103, 2104, 2105, 2106, 2107, 2108, 2109, 2110, 2111, 2112, 2113, 2114, 2115, 2116, 2117, 2118, 2119, 2120, 2121, 2122, 2123, 2124, 2125, 2126, 2127, 2128, 2129, 2130, 2131, 2132, 2133, 2134, 2135, 2136, 2137, 2138, 2139, 2140, 2141, 2142, 2143, 2144, 2145, 2146, 2147, 2148, 2149, 2150, 2151, 2152, 2153, 2154, 2155, 2156, 2157, 2158, 2159, 2160, 2161, 2162, 2163, 2164, 2165, 2166, 2167, 2168, 2169, 2170, 2171, 2172, 2173, 2174, 2175, 2176, 2177, 2178, 2179, 2180, 2181, 2182, 2183, 2184, 2185, 2186, 2187, 2188, 2189, 2190, 2191, 2192, 2193, 2194, 2195, 2196, 2197, 2198, 2199, 2200, 2201, 2202, 2203, 2204, 2205, 2206, 2207, 2208, 2209, 2210, 2211, 2212, 2213, 2214, 2215, 2216, 2217, 2218, 2219, 2220, 2221, 2222, 2223, 2224, 2225, 2226, 2227, 2228, 2229, 2230, 2231, 2232, 2233, 2234, 2235, 2236, 2237, 2238, 2239, 2240, 2241, 2242, 2243, 2244, 2245, 2246, 2247, 2248, 2249, 2250, 2251, 2252, 2253, 2254, 2255, 2256, 2257, 2258, 2259, 2260, 2261, 2262, 2263, 2264, 2265, 2266, 2267, 2268, 2269, 2270, 2271, 2272, 2273, 2274, 2275, 2276, 2277, 2278, 2279, 2280, 2281, 2282, 2283, 2284, 2285, 2286, 2287, 2288, 2289, 2290, 2291, 2292, 2293, 2294, 2295, 2296, 2297, 2298, 2299, 2300, 2301, 2302, 2303, 2304, 2305, 2306, 2307, 2308, 2309, 2310, 2311, 2312, 2313, 2314, 2315, 2316, 2317, 2318, 2319, 2320, 2321, 2322, 2323, 2324, 2325, 2326, 2327, 2328, 2329, 2330, 2331, 2332, 2333, 2334, 2335, 2336, 2337, 2338, 2339, 2340, 2341, 2342, 2343, 2344, 2345, 2346, 2347, 2348, 2349, 2350, 2351, 2352, 2353, 2354, 2355, 2356, 2357, 2358, 2359, 2360, 2361, 2362, 2363, 2364, 2365, 2366, 2367, 2368, 2369, 2370, 2371, 2372, 2373, 2374, 2375, 2376, 2377, 2378, 2379, 2380, 2381, 2382, 2383, 2384, 2385, 2386, 2387, 2388, 2389, 2390, 2391, 2392, 2393, 2394, 2395, 2396, 2397, 2398, 2399, 2400, 2401, 2402, 2403, 2404, 2405, 2406, 2407, 2408, 2409, 2410, 2411, 2412, 2413, 2414, 2415, 2416, 2417, 2418, 2419, 2420, 2421, 2422, 2423, 2424, 2425, 2426, 2427, 2428, 2429, 2430, 2431, 2432, 2433, 2434, 2435, 2436, 2437, 2438, 2439, 2440, 2441, 2442, 2443, 2444, 2445, 2446, 2447, 2448, 2449, 2450, 2451, 2452, 2453, 2454, 2455, 2456, 2457, 2458, 2459, 2460, 2461, 2462, 2463, 2464, 2465, 2466, 2467, 2468, 2469, 2470, 2471, 2472, 2473, 2474, 2475, 2476, 2477, 2478, 2479, 2480, 2481, 2482, 2483, 2484, 2485, 2486, 2487, 2488, 2489, 2490, 2491, 2492, 2493, 2494, 2495, 2496, 2497, 2498, 2499, 2500, 2501, 2502, 2503, 2504, 2505, 2506, 2507, 2508, 2509, 2510, 2511, 2512, 2513, 2514, 2515, 2516, 2517, 2518, 2519, 2520, 2521, 2522, 2523, 2524, 2525, 2526, 2527, 2528, 2529, 2530, 2531, 2532, 2533, 2534, 2535, 2536, 2537, 2538, 2539, 2540, 2541, 2542, 2543, 2544, 2545, 2546, 2547, 2548, 2549, 2550, 2551, 2552, 2553, 2554, 2555, 2556, 2557, 2558, 2559, 2560, 2561, 2562, 2563, 2564, 2565, 2566, 2567, 2568, 2569, 2570, 2571, 2572, 2573, 2574, 2575, 2576, 2577, 2578, 2579, 2580, 2581, 2582, 2583, 2584, 2585, 2586, 2587, 2588, 2589, 2590, 2591, 2592, 2593, 2594, 2595, 2596, 2597, 2598, 2599, 2600, 2601, 2602, 2603, 2604, 2605, 2606, 2607, 2608, 2609, 2610, 2611, 2612, 2613, 2614, 2615, 2616, 2617, 2618, 2619, 2620, 2621, 2622, 2623, 2624, 2625, 2626, 2627, 2628, 2629, 2630, 2631, 2632, 2633, 2634, 2635, 2636, 2637, 2638, 2639, 2640, 2641, 2642, 2643, 2644, 2645, 2646, 2647, 2648, 2649, 2650, 2651, 2652, 2653, 2654, 2655, 2656, 2657, 2658, 2659, 2660, 2661, 2662, 2663, 2664, 2665, 2666, 2667, 2668, 2669, 2670, 2671, 2672, 2673, 2674, 2675, 2676, 2677, 2678, 2679, 2680, 2681, 2682, 2683, 2684, 2685, 2686, 2687, 2688, 2689, 2690, 2691, 2692, 2693, 2694, 2695, 2696, 2697, 2698, 2699, 2700, 2701, 2702, 2703, 2704, 2705, 2706, 2707, 2708, 2709, 2710, 2711, 2712, 2713, 2714, 2715, 2716, 2717, 2718, 2719, 2720, 2721, 2722, 2723, 2724, 2725, 2726, 2727, 2728, 2729, 2730, 2731, 2732, 2733, 2734, 2735, 2736, 2737, 2738, 2739, 2740, 2741, 2742, 2743, 2744, 2745, 2746, 2747, 2748, 2749, 2750, 2751, 2752, 2753, 2754, 2755, 2756, 2757, 2758, 2759, 2760, 2761, 2762, 2763, 2764, 2765, 2766, 2767, 2768, 2769, 2770, 2771, 2772, 2773, 2774, 2775, 2776, 2777, 2778, 2779, 2780, 2781, 2782, 2783, 2784, 2785, 2786, 2787, 2788, 2789, 2790, 2791, 2792, 2793, 2794, 2795, 2796, 2797, 2798, 2799, 2800, 2801, 2802, 2803, 2804, 2805, 2806, 2807, 2808, 2809, 2810, 2811, 2812, 2813, 2814, 2815, 2816, 2817, 2818, 2819, 2820, 2821, 2822, 2823, 2824, 2825, 2826, 2827, 2828, 2829, 2830, 2831, 2832, 2833, 2834, 2835, 2836, 2837, 2838, 2839, 2840, 2841, 2842, 2843, 2844, 2845, 2846, 2847, 2848, 2849, 2850, 2851, 2852, 2853, 2854, 2855, 2856, 2857, 2858, 2859, 2860, 2861, 2862, 2863, 2864, 2865, 2866, 2867, 2868, 2869, 2870, 2871, 2872, 2873, 2874, 2875, 2876, 2877, 2878, 2879, 2880, 2881, 2882, 2883, 2884, 2885, 2886, 2887, 2888, 2889, 2890, 2891, 2892, 2893, 2894, 2895, 2896, 2897, 2898, 2899, 2900, 2901, 2902, 2903, 2904, 2905, 2906, 2907, 2908, 2909, 2910, 2911, 2912, 2913, 2914, 2915, 2916, 2917, 2918, 2919, 2920, 2921, 2922, 2923, 2924, 2925, 2926, 2927, 2928, 2929, 2930, 2931, 2932, 2933, 2934, 2935, 2936, 2937, 2938, 2939, 2940, 2941, 2942, 2943, 2944, 2945, 2946, 2947, 2948, 2949, 2950, 2951, 2952, 2953, 2954, 2955, 2956, 2957, 2958, 2959, 2960, 2961, 2962, 2963, 2964, 2965, 2966, 2967, 2968, 2969, 2970, 2971, 2972, 2973, 2974, 2975, 2976, 2977, 2978, 2979, 2980, 2981, 2982, 2983, 2984, 2985, 2986, 2987, 2988, 2989, 2990, 2991, 2992, 2993, 2994, 2995, 2996, 2997, 2998, 2999, 3000, 3001, 3002, 3003, 3004, 3005, 3006, 3007, 3008, 3009, 3010, 3011, 3012, 3013, 3014, 3015, 3016, 3017, 3018, 3019, 3020, 3021, 3022, 3023, 3024, 3025, 3026, 3027, 3028, 3029, 3030, 3031, 3032, 3033, 3034, 3035, 3036, 3037, 3038, 3039, 3040, 3041, 3042, 3043, 3044, 3045, 3046, 3047, 3048, 3049, 3050, 3051, 3052, 3053, 3054, 3055, 3056, 3057, 3058, 3059, 3060, 3061, 3062, 3063, 3064, 3065, 3066, 3067, 3068, 3069, 3070, 3071, 3072, 3073, 3074, 3075, 3076, 3077, 3078, 3079, 3080, 3081, 3082, 3083, 3084, 3085, 3086, 3087, 3088, 3089, 3090, 3091, 3092, 3093, 3094, 3095, 3096, 3097, 3098, 3099, 3100, 3101, 3102, 3103, 3104, 3105, 3106, 3107, 3108, 3109, 3110, 3111, 3112, 3113, 3114, 3115, 3116, 3117, 3118, 3119, 3120, 3121, 3122, 3123, 3124, 3125, 3126, 3127, 3128, 3129, 3130, 3131, 3132, 3133, 3134, 3135, 3136, 3137, 3138, 3139, 3140, 3141, 3142, 3143, 3144, 3145, 3146, 3147, 3148, 3149, 3150, 3151, 3152, 3153, 3154, 3155, 3156, 3157, 3158, 3159, 3160, 3161, 3162, 3163, 3164, 3165, 3166, 3167, 3168, 3169, 3170, 3171, 3172, 3173, 3174, 3175, 3176, 3177, 3178, 3179, 3180, 3181, 3182, 3183, 3184, 3185, 3186, 3187, 3188, 3189, 3190, 3191, 3192, 3193, 3194, 3195, 3196, 3197, 3198, 3199, 3200, 3201, 3202, 3203, 3204, 3205, 3206, 3207, 3208, 3209, 3210, 3211, 3212, 3213, 3214, 3215, 3216, 3217, 3218, 3219, 3220, 3221, 3222, 3223, 3224, 3225, 3226, 3227, 3228, 3229, 3230, 3231, 3232, 3233, 3234, 3235, 3236, 3237, 3238, 3239, 3240, 3241, 3242, 3243, 3244, 3245, 3246, 3247, 3248, 3249, 3250, 3251, 3252, 3253, 3254, 3255, 3256, 3257, 3258, 3259, 3260, 3261, 3262, 3263, 3264, 3265, 3266, 3267, 3268, 3269, 3270, 3271, 3272, 3273, 3274, 3275, 3276, 3277, 3278, 3279, 3280, 3281, 3282, 3283, 3284, 3285, 3286, 3287, 3288, 3289, 3290, 3291, 3292, 3293, 3294, 3295, 3296, 3297, 3298, 3299, 3300, 3301, 3302, 3303, 3304, 3305, 3306, 3307, 3308, 3309, 3310, 3311, 3312, 3313, 3314, 3315, 3316, 3317, 3318, 3319, 3320, 3321, 3322, 3323, 3324, 3325, 3326, 3327, 3328, 3329, 3330, 3331, 3332, 3333, 3334, 3335, 3336, 3337, 3338, 3339, 3340, 3341, 3342, 3343, 3344, 3345, 3346, 3347, 3348, 3349, 3350, 3351, 3352, 3353, 3354, 3355, 3356, 3357, 3358, 3359, 3360, 3361, 3362, 3363, 3364, 3365, 3366, 3367, 3368, 3369, 3370, 3371, 3372, 3373, 3374, 3375, 3376, 3377, 3378, 3379, 3380, 3381, 3382, 3383, 3384, 3385, 3386, 3387, 3388, 3389, 3390, 3391, 3392, 3393, 3394, 3395, 3396, 3397, 3398, 3399, 3400, 3401, 3402, 3403, 3404, 3405, 3406, 3407, 3408, 3409, 3410, 3411, 3412, 3413, 3414, 3415, 3416, 3417, 3418, 3419, 3420, 3421, 3422, 3423, 3424, 3425, 3426, 3427, 3428, 3429, 3430, 3431, 3432, 3433, 3434, 3435, 3436, 3437, 3438, 3439, 3440, 3441, 3442, 3443, 3444, 3445, 3446, 3447, 3448, 3449, 3450, 3451, 3452, 3453, 3454, 3455, 3456, 3457, 3458, 3459, 3460, 3461, 3462, 3463, 3464, 3465, 3466, 3467, 3468, 3469, 3470, 3471, 3472, 3473, 3474, 3475, 3476, 3477, 3478, 3479, 3480, 3481, 3482, 3483, 3484, 3485, 3486, 3487, 3488, 3489, 3490, 3491, 3492, 3493, 3494, 3495, 3496, 3497, 3498, 3499, 3500, 3501, 3502, 3503, 3504, 3505, 3506, 3507, 3508, 3509, 3510, 3511, 3512, 3513, 3514, 3515, 3516, 3517, 3518, 3519, 3520, 3521, 3522, 3523, 3524, 3525, 3526, 3527, 3528, 3529, 3530, 3531, 3532, 3533, 3534, 3535, 3536, 3537, 3538, 3539, 3540, 3541, 3542, 3543, 3544, 3545, 3546, 3547, 3548, 3549, 3550, 3551, 3552, 3553, 3554, 3555, 3556, 3557, 3558, 3559, 3560, 3561, 3562, 3563, 3564, 3565, 3566, 3567, 3568, 3569, 3570, 3571, 3572, 3573, 3574, 3575, 3576, 3577, 3578, 3579, 3580, 3581, 3582, 3583, 3584, 3585, 3586, 3587, 3588, 3589, 3590, 3591, 3592, 3593, 3594, 3595, 3596, 3597, 3598, 3599, 3600, 3601, 3602, 3603, 3604, 3605, 3606, 3607, 3608, 3609, 3610, 3611, 3612, 3613, 3614, 3615, 3616, 3617, 3618, 3619, 3620, 3621, 3622, 3623, 3624, 3625, 3626, 3627, 3628, 3629, 3630, 3631, 3632, 3633, 3634, 3635, 3636, 3637, 3638, 3639, 3640, 3641, 3642, 3643, 3644, 3645, 3646, 3647, 3648, 3649, 3650, 3651, 3652, 3653, 3654, 3655, 3656, 3657, 3658, 3659, 3660, 3661, 3662, 3663, 3664, 3665, 3666, 3667, 3668, 3669, 3670, 3671, 3672, 3673, 3674, 3675, 3676, 3677, 3678, 3679, 3680, 3681, 3682, 3683, 3684, 3685, 3686, 3687, 3688, 3689, 3690, 3691, 3692, 3693, 3694, 3695, 3696, 3697, 3698, 3699, 3700, 3701, 3702, 3703, 3704, 3705, 3706, 3707, 3708, 3709, 3710, 3711, 3712, 3713, 3714, 3715, 3716, 3717, 3718, 3719, 3720, 3721, 3722, 3723, 3724, 3725, 3726, 3727, 3728, 3729, 3730, 3731, 3732, 3733, 3734, 3735, 3736, 3737, 3738, 3739, 3740, 3741, 3742, 3743, 3744, 3745, 3746, 3747, 3748, 3749, 3750, 3751, 3752, 3753, 3754, 3755, 3756, 3757, 3758, 3759, 3760, 3761, 3762, 3763, 3764, 3765, 3766, 3767, 3768, 3769, 3770, 3771, 3772, 3773, 3774, 3775, 3776, 3777, 3778, 3779, 3780, 3781, 3782, 3783, 3784, 3785, 3786, 3787, 3788, 3789, 3790, 3791, 3792, 3793, 3794, 3795, 3796, 3797, 3798, 3799, 3800, 3801, 3802, 3803, 3804, 3805, 3806, 3807, 3808, 3809, 3810, 3811, 3812, 3813, 3814, 3815, 3816, 3817, 3818, 3819, 3820, 3821, 3822, 3823, 3824, 3825, 3826, 3827, 3828, 3829, 3830, 3831, 3832, 3833, 3834, 3835, 3836, 3837, 3838, 3839, 3840, 3841, 3842, 3843, 3844, 3845, 3846, 3847, 3848, 3849, 3850, 3851, 3852, 3853, 3854, 3855, 3856, 3857, 3858, 3859, 3860, 3861, 3862, 3863, 3864, 3865, 3866, 3867, 3868, 3869, 3870, 3871, 3872, 3873, 3874, 3875, 3876, 3877, 3878, 3879, 3880, 3881, 3882, 3883, 3884, 3885, 3886, 3887, 3888, 3889, 3890, 3891, 3892, 3893, 3894, 3895, 3896, 3897, 3898, 3899, 3900, 3901, 3902, 3903, 3904, 3905, 3906, 3907, 3908, 3909, 3910, 3911, 3912, 3913, 3914, 3915, 3916, 3917, 3918, 3919, 3920, 3921, 3922, 3923, 3924, 3925, 3926, 3927, 3928, 3929, 3930, 3931, 3932, 3933, 3934, 3935, 3936, 3937, 3938, 3939, 3940, 3941, 3942, 3943, 3944, 3945, 3946, 3947, 3948, 3949, 3950, 3951, 3952, 3953, 3954, 3955, 3956, 3957, 3958, 3959, 3960, 3961, 3962, 3963, 3964, 3965, 3966, 3967, 3968, 3969, 3970, 3971, 3972, 3973, 3974, 3975, 3976, 3977, 3978, 3979, 3980, 3981, 3982, 3983, 3984, 3985, 3986, 3987, 3988, 3989, 3990, 3991, 3992, 3993, 3994, 3995, 3996, 3997, 3998, 3999, 4000, 4001, 4002, 4003, 4004, 4005, 4006, 4007, 4008, 4009, 4010, 4011, 4012, 4013, 4014, 4015, 4016, 4017, 4018, 4019, 4020, 4021, 4022, 4023, 4024, 4025, 4026, 4027, 4028, 4029, 4030, 4031, 4032, 4033, 4034, 4035, 4036, 4037, 4038, 4039, 4040, 4041, 4042, 4043, 4044, 4045, 4046, 4047, 4048, 4049, 4050, 4051, 4052, 4053, 4054, 4055, 4056, 4057, 4058, 4059, 4060, 4061, 4062, 4063, 4064, 4065, 4066, 4067, 4068, 4069, 4070, 4071, 4072, 4073, 4074, 4075, 4076, 4077, 4078, 4079, 4080, 4081, 4082, 4083, 4084, 4085, 4086, 4087, 4088, 4089, 4090, 4091, 4092, 4093, 4094, 4095, 4096, 4097, 4098, 4099, 4100, 4101, 4102, 4103, 4104, 4105, 4106, 4107, 4108, 4109, 4110, 4111, 4336, 4337, 4338, 4339, 4340, 4341, 4342, 4343, 4344, 4345, 4346, 4347, 4348, 4349, 4350, 4351, 4352, 4353, 4354, 4355, 4356, 4357, 4358, 4359, 4360, 4361, 4362, 4363, 4364, 4365, 4366, 4367, 4592, 4593, 4594, 4595, 4596, 4597, 4598, 4599, 4600, 4601, 4602, 4603, 4604, 4605, 4606, 4607, 4608, 4609, 4610, 4611, 4612, 4613, 4614, 4615, 4616, 4617, 4618, 4619, 4620, 4621, 4622, 4623, 4848, 4849, 4850, 4851, 4852, 4853, 4854, 4855, 4856, 4857, 4858, 4859, 4860, 4861, 4862, 4863, 4864, 4865, 4866, 4867, 4868, 4869, 4870, 4871, 4872, 4873, 4874, 4875, 4876, 4877, 4878, 4879, 5104, 5105, 5106, 5107, 5108, 5109, 5110, 5111, 5112, 5113, 5114, 5115, 5116, 5117, 5118, 5119, 5120, 5121, 5122, 5123, 5124, 5125, 5126, 5127, 5128, 5129, 5130, 5131, 5132, 5133, 5134, 5135, 5360, 5361, 5362, 5363, 5364, 5365, 5366, 5367, 5368, 5369, 5370, 5371, 5372, 5373, 5374, 5375, 5376, 5377, 5378, 5379, 5380, 5381, 5382, 5383, 5384, 5385, 5386, 5387, 5388, 5389, 5390, 5391, 5616, 5617, 5618, 5619, 5620, 5621, 5622, 5623, 5624, 5625, 5626, 5627, 5628, 5629, 5630, 5631, 5632, 5633, 5634, 5635, 5636, 5637, 5638, 5639, 5640, 5641, 5642, 5643, 5644, 5645, 5646, 5647, 5872, 5873, 5874, 5875, 5876, 5877, 5878, 5879, 5880, 5881, 5882, 5883, 5884, 5885, 5886, 5887, 5888, 5889, 5890, 5891, 5892, 5893, 5894, 5895, 5896, 5897, 5898, 5899, 5900, 5901, 5902, 5903, 6128, 6129, 6130, 6131, 6132, 6133, 6134, 6135, 6136, 6137, 6138, 6139, 6140, 6141, 6142, 6143, 6144, 6145, 6146, 6147, 6148, 6149, 6150, 6151, 6152, 6153, 6154, 6155, 6156, 6157, 6158, 6159, 6384, 6385, 6386, 6387, 6388, 6389, 6390, 6391, 6392, 6393, 6394, 6395, 6396, 6397, 6398, 6399, 6400, 6401, 6402, 6403, 6404, 6405, 6406, 6407, 6408, 6409, 6410, 6411, 6412, 6413, 6414, 6415, 6640, 6641, 6642, 6643, 6644, 6645, 6646, 6647, 6648, 6649, 6650, 6651, 6652, 6653, 6654, 6655, 6656, 6657, 6658, 6659, 6660, 6661, 6662, 6663, 6664, 6665, 6666, 6667, 6668, 6669, 6670, 6671, 6896, 6897, 6898, 6899, 6900, 6901, 6902, 6903, 6904, 6905, 6906, 6907, 6908, 6909, 6910, 6911, 6912, 6913, 6914, 6915, 6916, 6917, 6918, 6919, 6920, 6921, 6922, 6923, 6924, 6925, 6926, 6927, 7152, 7153, 7154, 7155, 7156, 7157, 7158, 7159, 7160, 7161, 7162, 7163, 7164, 7165, 7166, 7167, 7168, 7169, 7170, 7171, 7172, 7173, 7174, 7175, 7176, 7177, 7178, 7179, 7180, 7181, 7182, 7183, 7408, 7409, 7410, 7411, 7412, 7413, 7414, 7415, 7416, 7417, 7418, 7419, 7420, 7421, 7422, 7423, 7424, 7425, 7426, 7427, 7428, 7429, 7430, 7431, 7432, 7433, 7434, 7435, 7436, 7437, 7438, 7439, 7664, 7665, 7666, 7667, 7668, 7669, 7670, 7671, 7672, 7673, 7674, 7675, 7676, 7677, 7678, 7679, 7680, 7681, 7682, 7683, 7684, 7685, 7686, 7687, 7688, 7689, 7690, 7691, 7692, 7693, 7694, 7695, 7920, 7921, 7922, 7923, 7924, 7925, 7926, 7927, 7928, 7929, 7930, 7931, 7932, 7933, 7934, 7935, 7936, 7937, 7938, 7939, 7940, 7941, 7942, 7943, 7944, 7945, 7946, 7947, 7948, 7949, 7950, 7951, 8176, 8177, 8178, 8179, 8180, 8181, 8182, 8183, 8184, 8185, 8186, 8187, 8188, 8189, 8190, 8191, 8192, 8193, 8194, 8195, 8196, 8197, 8198, 8199, 8200, 8201, 8202, 8203, 8204, 8205, 8206, 8207, 8432, 8433, 8434, 8435, 8436, 8437, 8438, 8439, 8440, 8441, 8442, 8443, 8444, 8445, 8446, 8447, 8448, 8449, 8450, 8451, 8452, 8453, 8454, 8455, 8456, 8457, 8458, 8459, 8460, 8461, 8462, 8463, 8688, 8689, 8690, 8691, 8692, 8693, 8694, 8695, 8696, 8697, 8698, 8699, 8700, 8701, 8702, 8703, 8704, 8705, 8706, 8707, 8708, 8709, 8710, 8711, 8712, 8713, 8714, 8715, 8716, 8717, 8718, 8719, 8944, 8945, 8946, 8947, 8948, 8949, 8950, 8951, 8952, 8953, 8954, 8955, 8956, 8957, 8958, 8959, 8960, 8961, 8962, 8963, 8964, 8965, 8966, 8967, 8968, 8969, 8970, 8971, 8972, 8973, 8974, 8975, 9200, 9201, 9202, 9203, 9204, 9205, 9206, 9207, 9208, 9209, 9210, 9211, 9212, 9213, 9214, 9215, 9216, 9217, 9218, 9219, 9220, 9221, 9222, 9223, 9224, 9225, 9226, 9227, 9228, 9229, 9230, 9231, 9456, 9457, 9458, 9459, 9460, 9461, 9462, 9463, 9464, 9465, 9466, 9467, 9468, 9469, 9470, 9471, 9472, 9473, 9474, 9475, 9476, 9477, 9478, 9479, 9480, 9481, 9482, 9483, 9484, 9485, 9486, 9487, 9712, 9713, 9714, 9715, 9716, 9717, 9718, 9719, 9720, 9721, 9722, 9723, 9724, 9725, 9726, 9727, 9728, 9729, 9730, 9731, 9732, 9733, 9734, 9735, 9736, 9737, 9738, 9739, 9740, 9741, 9742, 9743, 9968, 9969, 9970, 9971, 9972, 9973, 9974, 9975, 9976, 9977, 9978, 9979, 9980, 9981, 9982, 9983, 9984, 9985, 9986, 9987, 9988, 9989, 9990, 9991, 9992, 9993, 9994, 9995, 9996, 9997, 9998, 9999, 10224, 10225, 10226, 10227, 10228, 10229, 10230, 10231, 10232, 10233, 10234, 10235, 10236, 10237, 10238, 10239, 10240, 10241, 10242, 10243, 10244, 10245, 10246, 10247, 10248, 10249, 10250, 10251, 10252, 10253, 10254, 10255, 10480, 10481, 10482, 10483, 10484, 10485, 10486, 10487, 10488, 10489, 10490, 10491, 10492, 10493, 10494, 10495, 10496, 10497, 10498, 10499, 10500, 10501, 10502, 10503, 10504, 10505, 10506, 10507, 10508, 10509, 10510, 10511, 10736, 10737, 10738, 10739, 10740, 10741, 10742, 10743, 10744, 10745, 10746, 10747, 10748, 10749, 10750, 10751, 10752, 10753, 10754, 10755, 10756, 10757, 10758, 10759, 10760, 10761, 10762, 10763, 10764, 10765, 10766, 10767, 10992, 10993, 10994, 10995, 10996, 10997, 10998, 10999, 11000, 11001, 11002, 11003, 11004, 11005, 11006, 11007, 11008, 11009, 11010, 11011, 11012, 11013, 11014, 11015, 11016, 11017, 11018, 11019, 11020, 11021, 11022, 11023, 11248, 11249, 11250, 11251, 11252, 11253, 11254, 11255, 11256, 11257, 11258, 11259, 11260, 11261, 11262, 11263, 11264, 11265, 11266, 11267, 11268, 11269, 11270, 11271, 11272, 11273, 11274, 11275, 11276, 11277, 11278, 11279, 11504, 11505, 11506, 11507, 11508, 11509, 11510, 11511, 11512, 11513, 11514, 11515, 11516, 11517, 11518, 11519, 11520, 11521, 11522, 11523, 11524, 11525, 11526, 11527, 11528, 11529, 11530, 11531, 11532, 11533, 11534, 11535, 11760, 11761, 11762, 11763, 11764, 11765, 11766, 11767, 11768, 11769, 11770, 11771, 11772, 11773, 11774, 11775, 11776, 11777, 11778, 11779, 11780, 11781, 11782, 11783, 11784, 11785, 11786, 11787, 11788, 11789, 11790, 11791, 12016, 12017, 12018, 12019, 12020, 12021, 12022, 12023, 12024, 12025, 12026, 12027, 12028, 12029, 12030, 12031, 12032, 12033, 12034, 12035, 12036, 12037, 12038, 12039, 12040, 12041, 12042, 12043, 12044, 12045, 12046, 12047, 12272, 12273, 12274, 12275, 12276, 12277, 12278, 12279, 12280, 12281, 12282, 12283, 12284, 12285, 12286, 12287, 12288, 12289, 12290, 12291, 12292, 12293, 12294, 12295, 12296, 12297, 12298, 12299, 12300, 12301, 12302, 12303, 12528, 12529, 12530, 12531, 12532, 12533, 12534, 12535, 12536, 12537, 12538, 12539, 12540, 12541, 12542, 12543, 12544, 12545, 12546, 12547, 12548, 12549, 12550, 12551, 12552, 12553, 12554, 12555, 12556, 12557, 12558, 12559, 12784, 12785, 12786, 12787, 12788, 12789, 12790, 12791, 12792, 12793, 12794, 12795, 12796, 12797, 12798, 12799, 12800, 12801, 12802, 12803, 12804, 12805, 12806, 12807, 12808, 12809, 12810, 12811, 12812, 12813, 12814, 12815, 13040, 13041, 13042, 13043, 13044, 13045, 13046, 13047, 13048, 13049, 13050, 13051, 13052, 13053, 13054, 13055, 13056, 13057, 13058, 13059, 13060, 13061, 13062, 13063, 13064, 13065, 13066, 13067, 13068, 13069, 13070, 13071, 13296, 13297, 13298, 13299, 13300, 13301, 13302, 13303, 13304, 13305, 13306, 13307, 13308, 13309, 13310, 13311, 13312, 13313, 13314, 13315, 13316, 13317, 13318, 13319, 13320, 13321, 13322, 13323, 13324, 13325, 13326, 13327, 13552, 13553, 13554, 13555, 13556, 13557, 13558, 13559, 13560, 13561, 13562, 13563, 13564, 13565, 13566, 13567, 13568, 13569, 13570, 13571, 13572, 13573, 13574, 13575, 13576, 13577, 13578, 13579, 13580, 13581, 13582, 13583, 13808, 13809, 13810, 13811, 13812, 13813, 13814, 13815, 13816, 13817, 13818, 13819, 13820, 13821, 13822, 13823, 13824, 13825, 13826, 13827, 13828, 13829, 13830, 13831, 13832, 13833, 13834, 13835, 13836, 13837, 13838, 13839, 14064, 14065, 14066, 14067, 14068, 14069, 14070, 14071, 14072, 14073, 14074, 14075, 14076, 14077, 14078, 14079, 14080, 14081, 14082, 14083, 14084, 14085, 14086, 14087, 14088, 14089, 14090, 14091, 14092, 14093, 14094, 14095, 14320, 14321, 14322, 14323, 14324, 14325, 14326, 14327, 14328, 14329, 14330, 14331, 14332, 14333, 14334, 14335, 14336, 14337, 14338, 14339, 14340, 14341, 14342, 14343, 14344, 14345, 14346, 14347, 14348, 14349, 14350, 14351, 14576, 14577, 14578, 14579, 14580, 14581, 14582, 14583, 14584, 14585, 14586, 14587, 14588, 14589, 14590, 14591, 14592, 14593, 14594, 14595, 14596, 14597, 14598, 14599, 14600, 14601, 14602, 14603, 14604, 14605, 14606, 14607, 14832, 14833, 14834, 14835, 14836, 14837, 14838, 14839, 14840, 14841, 14842, 14843, 14844, 14845, 14846, 14847, 14848, 14849, 14850, 14851, 14852, 14853, 14854, 14855, 14856, 14857, 14858, 14859, 14860, 14861, 14862, 14863, 15088, 15089, 15090, 15091, 15092, 15093, 15094, 15095, 15096, 15097, 15098, 15099, 15100, 15101, 15102, 15103, 15104, 15105, 15106, 15107, 15108, 15109, 15110, 15111, 15112, 15113, 15114, 15115, 15116, 15117, 15118, 15119, 15344, 15345, 15346, 15347, 15348, 15349, 15350, 15351, 15352, 15353, 15354, 15355, 15356, 15357, 15358, 15359, 15360, 15361, 15362, 15363, 15364, 15365, 15366, 15367, 15368, 15369, 15370, 15371, 15372, 15373, 15374, 15375, 15600, 15601, 15602, 15603, 15604, 15605, 15606, 15607, 15608, 15609, 15610, 15611, 15612, 15613, 15614, 15615, 15616, 15617, 15618, 15619, 15620, 15621, 15622, 15623, 15624, 15625, 15626, 15627, 15628, 15629, 15630, 15631, 15856, 15857, 15858, 15859, 15860, 15861, 15862, 15863, 15864, 15865, 15866, 15867, 15868, 15869, 15870, 15871, 15872, 15873, 15874, 15875, 15876, 15877, 15878, 15879, 15880, 15881, 15882, 15883, 15884, 15885, 15886, 15887, 16112, 16113, 16114, 16115, 16116, 16117, 16118, 16119, 16120, 16121, 16122, 16123, 16124, 16125, 16126, 16127, 16128, 16129, 16130, 16131, 16132, 16133, 16134, 16135, 16136, 16137, 16138, 16139, 16140, 16141, 16142, 16143, 16368, 16369, 16370, 16371, 16372, 16373, 16374, 16375, 16376, 16377, 16378, 16379, 16380, 16381, 16382, 16383, 16384, 16385, 16386, 16387, 16388, 16389, 16390, 16391, 16392, 16393, 16394, 16395, 16396, 16397, 16398, 16399, 16624, 16625, 16626, 16627, 16628, 16629, 16630, 16631, 16632, 16633, 16634, 16635, 16636, 16637, 16638, 16639, 16640, 16641, 16642, 16643, 16644, 16645, 16646, 16647, 16648, 16649, 16650, 16651, 16652, 16653, 16654, 16655, 16880, 16881, 16882, 16883, 16884, 16885, 16886, 16887, 16888, 16889, 16890, 16891, 16892, 16893, 16894, 16895, 16896, 16897, 16898, 16899, 16900, 16901, 16902, 16903, 16904, 16905, 16906, 16907, 16908, 16909, 16910, 16911, 17136, 17137, 17138, 17139, 17140, 17141, 17142, 17143, 17144, 17145, 17146, 17147, 17148, 17149, 17150, 17151, 17152, 17153, 17154, 17155, 17156, 17157, 17158, 17159, 17160, 17161, 17162, 17163, 17164, 17165, 17166, 17167, 17392, 17393, 17394, 17395, 17396, 17397, 17398, 17399, 17400, 17401, 17402, 17403, 17404, 17405, 17406, 17407, 17408, 17409, 17410, 17411, 17412, 17413, 17414, 17415, 17416, 17417, 17418, 17419, 17420, 17421, 17422, 17423, 17648, 17649, 17650, 17651, 17652, 17653, 17654, 17655, 17656, 17657, 17658, 17659, 17660, 17661, 17662, 17663, 17664, 17665, 17666, 17667, 17668, 17669, 17670, 17671, 17672, 17673, 17674, 17675, 17676, 17677, 17678, 17679, 17904, 17905, 17906, 17907, 17908, 17909, 17910, 17911, 17912, 17913, 17914, 17915, 17916, 17917, 17918, 17919, 17920, 17921, 17922, 17923, 17924, 17925, 17926, 17927, 17928, 17929, 17930, 17931, 17932, 17933, 17934, 17935, 18160, 18161, 18162, 18163, 18164, 18165, 18166, 18167, 18168, 18169, 18170, 18171, 18172, 18173, 18174, 18175, 18176, 18177, 18178, 18179, 18180, 18181, 18182, 18183, 18184, 18185, 18186, 18187, 18188, 18189, 18190, 18191, 18416, 18417, 18418, 18419, 18420, 18421, 18422, 18423, 18424, 18425, 18426, 18427, 18428, 18429, 18430, 18431, 18432, 18433, 18434, 18435, 18436, 18437, 18438, 18439, 18440, 18441, 18442, 18443, 18444, 18445, 18446, 18447, 18672, 18673, 18674, 18675, 18676, 18677, 18678, 18679, 18680, 18681, 18682, 18683, 18684, 18685, 18686, 18687, 18688, 18689, 18690, 18691, 18692, 18693, 18694, 18695, 18696, 18697, 18698, 18699, 18700, 18701, 18702, 18703, 18928, 18929, 18930, 18931, 18932, 18933, 18934, 18935, 18936, 18937, 18938, 18939, 18940, 18941, 18942, 18943, 18944, 18945, 18946, 18947, 18948, 18949, 18950, 18951, 18952, 18953, 18954, 18955, 18956, 18957, 18958, 18959, 19184, 19185, 19186, 19187, 19188, 19189, 19190, 19191, 19192, 19193, 19194, 19195, 19196, 19197, 19198, 19199, 19200, 19201, 19202, 19203, 19204, 19205, 19206, 19207, 19208, 19209, 19210, 19211, 19212, 19213, 19214, 19215, 19440, 19441, 19442, 19443, 19444, 19445, 19446, 19447, 19448, 19449, 19450, 19451, 19452, 19453, 19454, 19455, 19456, 19457, 19458, 19459, 19460, 19461, 19462, 19463, 19464, 19465, 19466, 19467, 19468, 19469, 19470, 19471, 19696, 19697, 19698, 19699, 19700, 19701, 19702, 19703, 19704, 19705, 19706, 19707, 19708, 19709, 19710, 19711, 19712, 19713, 19714, 19715, 19716, 19717, 19718, 19719, 19720, 19721, 19722, 19723, 19724, 19725, 19726, 19727, 19952, 19953, 19954, 19955, 19956, 19957, 19958, 19959, 19960, 19961, 19962, 19963, 19964, 19965, 19966, 19967, 19968, 19969, 19970, 19971, 19972, 19973, 19974, 19975, 19976, 19977, 19978, 19979, 19980, 19981, 19982, 19983, 20208, 20209, 20210, 20211, 20212, 20213, 20214, 20215, 20216, 20217, 20218, 20219, 20220, 20221, 20222, 20223, 20224, 20225, 20226, 20227, 20228, 20229, 20230, 20231, 20232, 20233, 20234, 20235, 20236, 20237, 20238, 20239, 20464, 20465, 20466, 20467, 20468, 20469, 20470, 20471, 20472, 20473, 20474, 20475, 20476, 20477, 20478, 20479, 20480, 20481, 20482, 20483, 20484, 20485, 20486, 20487, 20488, 20489, 20490, 20491, 20492, 20493, 20494, 20495, 20720, 20721, 20722, 20723, 20724, 20725, 20726, 20727, 20728, 20729, 20730, 20731, 20732, 20733, 20734, 20735, 20736, 20737, 20738, 20739, 20740, 20741, 20742, 20743, 20744, 20745, 20746, 20747, 20748, 20749, 20750, 20751, 20976, 20977, 20978, 20979, 20980, 20981, 20982, 20983, 20984, 20985, 20986, 20987, 20988, 20989, 20990, 20991, 20992, 20993, 20994, 20995, 20996, 20997, 20998, 20999, 21000, 21001, 21002, 21003, 21004, 21005, 21006, 21007, 21232, 21233, 21234, 21235, 21236, 21237, 21238, 21239, 21240, 21241, 21242, 21243, 21244, 21245, 21246, 21247, 21248, 21249, 21250, 21251, 21252, 21253, 21254, 21255, 21256, 21257, 21258, 21259, 21260, 21261, 21262, 21263, 21488, 21489, 21490, 21491, 21492, 21493, 21494, 21495, 21496, 21497, 21498, 21499, 21500, 21501, 21502, 21503, 21504, 21505, 21506, 21507, 21508, 21509, 21510, 21511, 21512, 21513, 21514, 21515, 21516, 21517, 21518, 21519, 21744, 21745, 21746, 21747, 21748, 21749, 21750, 21751, 21752, 21753, 21754, 21755, 21756, 21757, 21758, 21759, 21760, 21761, 21762, 21763, 21764, 21765, 21766, 21767, 21768, 21769, 21770, 21771, 21772, 21773, 21774, 21775, 22000, 22001, 22002, 22003, 22004, 22005, 22006, 22007, 22008, 22009, 22010, 22011, 22012, 22013, 22014, 22015, 22016, 22017, 22018, 22019, 22020, 22021, 22022, 22023, 22024, 22025, 22026, 22027, 22028, 22029, 22030, 22031, 22256, 22257, 22258, 22259, 22260, 22261, 22262, 22263, 22264, 22265, 22266, 22267, 22268, 22269, 22270, 22271, 22272, 22273, 22274, 22275, 22276, 22277, 22278, 22279, 22280, 22281, 22282, 22283, 22284, 22285, 22286, 22287, 22512, 22513, 22514, 22515, 22516, 22517, 22518, 22519, 22520, 22521, 22522, 22523, 22524, 22525, 22526, 22527, 22528, 22529, 22530, 22531, 22532, 22533, 22534, 22535, 22536, 22537, 22538, 22539, 22540, 22541, 22542, 22543, 22768, 22769, 22770, 22771, 22772, 22773, 22774, 22775, 22776, 22777, 22778, 22779, 22780, 22781, 22782, 22783, 22784, 22785, 22786, 22787, 22788, 22789, 22790, 22791, 22792, 22793, 22794, 22795, 22796, 22797, 22798, 22799, 23024, 23025, 23026, 23027, 23028, 23029, 23030, 23031, 23032, 23033, 23034, 23035, 23036, 23037, 23038, 23039, 23040, 23041, 23042, 23043, 23044, 23045, 23046, 23047, 23048, 23049, 23050, 23051, 23052, 23053, 23054, 23055, 23280, 23281, 23282, 23283, 23284, 23285, 23286, 23287, 23288, 23289, 23290, 23291, 23292, 23293, 23294, 23295, 23296, 23297, 23298, 23299, 23300, 23301, 23302, 23303, 23304, 23305, 23306, 23307, 23308, 23309, 23310, 23311, 23536, 23537, 23538, 23539, 23540, 23541, 23542, 23543, 23544, 23545, 23546, 23547, 23548, 23549, 23550, 23551, 23552, 23553, 23554, 23555, 23556, 23557, 23558, 23559, 23560, 23561, 23562, 23563, 23564, 23565, 23566, 23567, 23792, 23793, 23794, 23795, 23796, 23797, 23798, 23799, 23800, 23801, 23802, 23803, 23804, 23805, 23806, 23807, 23808, 23809, 23810, 23811, 23812, 23813, 23814, 23815, 23816, 23817, 23818, 23819, 23820, 23821, 23822, 23823, 24048, 24049, 24050, 24051, 24052, 24053, 24054, 24055, 24056, 24057, 24058, 24059, 24060, 24061, 24062, 24063, 24064, 24065, 24066, 24067, 24068, 24069, 24070, 24071, 24072, 24073, 24074, 24075, 24076, 24077, 24078, 24079, 24304, 24305, 24306, 24307, 24308, 24309, 24310, 24311, 24312, 24313, 24314, 24315, 24316, 24317, 24318, 24319, 24320, 24321, 24322, 24323, 24324, 24325, 24326, 24327, 24328, 24329, 24330, 24331, 24332, 24333, 24334, 24335, 24560, 24561, 24562, 24563, 24564, 24565, 24566, 24567, 24568, 24569, 24570, 24571, 24572, 24573, 24574, 24575, 24576, 24577, 24578, 24579, 24580, 24581, 24582, 24583, 24584, 24585, 24586, 24587, 24588, 24589, 24590, 24591, 24816, 24817, 24818, 24819, 24820, 24821, 24822, 24823, 24824, 24825, 24826, 24827, 24828, 24829, 24830, 24831, 24832, 24833, 24834, 24835, 24836, 24837, 24838, 24839, 24840, 24841, 24842, 24843, 24844, 24845, 24846, 24847, 25072, 25073, 25074, 25075, 25076, 25077, 25078, 25079, 25080, 25081, 25082, 25083, 25084, 25085, 25086, 25087, 25088, 25089, 25090, 25091, 25092, 25093, 25094, 25095, 25096, 25097, 25098, 25099, 25100, 25101, 25102, 25103, 25328, 25329, 25330, 25331, 25332, 25333, 25334, 25335, 25336, 25337, 25338, 25339, 25340, 25341, 25342, 25343, 25344, 25345, 25346, 25347, 25348, 25349, 25350, 25351, 25352, 25353, 25354, 25355, 25356, 25357, 25358, 25359, 25584, 25585, 25586, 25587, 25588, 25589, 25590, 25591, 25592, 25593, 25594, 25595, 25596, 25597, 25598, 25599, 25600, 25601, 25602, 25603, 25604, 25605, 25606, 25607, 25608, 25609, 25610, 25611, 25612, 25613, 25614, 25615, 25616, 25617, 25618, 25619, 25620, 25621, 25622, 25623, 25624, 25625, 25626, 25627, 25628, 25629, 25630, 25631, 25632, 25633, 25634, 25635, 25636, 25637, 25638, 25639, 25640, 25641, 25642, 25643, 25644, 25645, 25646, 25647, 25648, 25649, 25650, 25651, 25652, 25653, 25654, 25655, 25656, 25657, 25658, 25659, 25660, 25661, 25662, 25663, 25664, 25665, 25666, 25667, 25668, 25669, 25670, 25671, 25672, 25673, 25674, 25675, 25676, 25677, 25678, 25679, 25680, 25681, 25682, 25683, 25684, 25685, 25686, 25687, 25688, 25689, 25690, 25691, 25692, 25693, 25694, 25695, 25696, 25697, 25698, 25699, 25700, 25701, 25702, 25703, 25704, 25705, 25706, 25707, 25708, 25709, 25710, 25711, 25712, 25713, 25714, 25715, 25716, 25717, 25718, 25719, 25720, 25721, 25722, 25723, 25724, 25725, 25726, 25727, 25728, 25729, 25730, 25731, 25732, 25733, 25734, 25735, 25736, 25737, 25738, 25739, 25740, 25741, 25742, 25743, 25744, 25745, 25746, 25747, 25748, 25749, 25750, 25751, 25752, 25753, 25754, 25755, 25756, 25757, 25758, 25759, 25760, 25761, 25762, 25763, 25764, 25765, 25766, 25767, 25768, 25769, 25770, 25771, 25772, 25773, 25774, 25775, 25776, 25777, 25778, 25779, 25780, 25781, 25782, 25783, 25784, 25785, 25786, 25787, 25788, 25789, 25790, 25791, 25792, 25793, 25794, 25795, 25796, 25797, 25798, 25799, 25800, 25801, 25802, 25803, 25804, 25805, 25806, 25807, 25808, 25809, 25810, 25811, 25812, 25813, 25814, 25815, 25816, 25817, 25818, 25819, 25820, 25821, 25822, 25823, 25824, 25825, 25826, 25827, 25828, 25829, 25830, 25831, 25832, 25833, 25834, 25835, 25836, 25837, 25838, 25839, 25840, 25841, 25842, 25843, 25844, 25845, 25846, 25847, 25848, 25849, 25850, 25851, 25852, 25853, 25854, 25855, 25856, 25857, 25858, 25859, 25860, 25861, 25862, 25863, 25864, 25865, 25866, 25867, 25868, 25869, 25870, 25871, 26096, 26097, 26098, 26099, 26100, 26101, 26102, 26103, 26104, 26105, 26106, 26107, 26108, 26109, 26110, 26111, 26112, 26113, 26114, 26115, 26116, 26117, 26118, 26119, 26120, 26121, 26122, 26123, 26124, 26125, 26126, 26127, 26352, 26353, 26354, 26355, 26356, 26357, 26358, 26359, 26360, 26361, 26362, 26363, 26364, 26365, 26366, 26367, 26368, 26369, 26370, 26371, 26372, 26373, 26374, 26375, 26376, 26377, 26378, 26379, 26380, 26381, 26382, 26383, 26608, 26609, 26610, 26611, 26612, 26613, 26614, 26615, 26616, 26617, 26618, 26619, 26620, 26621, 26622, 26623, 26624, 26625, 26626, 26627, 26628, 26629, 26630, 26631, 26632, 26633, 26634, 26635, 26636, 26637, 26638, 26639, 26864, 26865, 26866, 26867, 26868, 26869, 26870, 26871, 26872, 26873, 26874, 26875, 26876, 26877, 26878, 26879, 26880, 26881, 26882, 26883, 26884, 26885, 26886, 26887, 26888, 26889, 26890, 26891, 26892, 26893, 26894, 26895, 27120, 27121, 27122, 27123, 27124, 27125, 27126, 27127, 27128, 27129, 27130, 27131, 27132, 27133, 27134, 27135, 27136, 27137, 27138, 27139, 27140, 27141, 27142, 27143, 27144, 27145, 27146, 27147, 27148, 27149, 27150, 27151, 27376, 27377, 27378, 27379, 27380, 27381, 27382, 27383, 27384, 27385, 27386, 27387, 27388, 27389, 27390, 27391, 27392, 27393, 27394, 27395, 27396, 27397, 27398, 27399, 27400, 27401, 27402, 27403, 27404, 27405, 27406, 27407, 27632, 27633, 27634, 27635, 27636, 27637, 27638, 27639, 27640, 27641, 27642, 27643, 27644, 27645, 27646, 27647, 27648, 27649, 27650, 27651, 27652, 27653, 27654, 27655, 27656, 27657, 27658, 27659, 27660, 27661, 27662, 27663, 27888, 27889, 27890, 27891, 27892, 27893, 27894, 27895, 27896, 27897, 27898, 27899, 27900, 27901, 27902, 27903, 27904, 27905, 27906, 27907, 27908, 27909, 27910, 27911, 27912, 27913, 27914, 27915, 27916, 27917, 27918, 27919, 28144, 28145, 28146, 28147, 28148, 28149, 28150, 28151, 28152, 28153, 28154, 28155, 28156, 28157, 28158, 28159, 28160, 28161, 28162, 28163, 28164, 28165, 28166, 28167, 28168, 28169, 28170, 28171, 28172, 28173, 28174, 28175, 28400, 28401, 28402, 28403, 28404, 28405, 28406, 28407, 28408, 28409, 28410, 28411, 28412, 28413, 28414, 28415, 28416, 28417, 28418, 28419, 28420, 28421, 28422, 28423, 28424, 28425, 28426, 28427, 28428, 28429, 28430, 28431, 28656, 28657, 28658, 28659, 28660, 28661, 28662, 28663, 28664, 28665, 28666, 28667, 28668, 28669, 28670, 28671, 28672, 28673, 28674, 28675, 28676, 28677, 28678, 28679, 28680, 28681, 28682, 28683, 28684, 28685, 28686, 28687, 28912, 28913, 28914, 28915, 28916, 28917, 28918, 28919, 28920, 28921, 28922, 28923, 28924, 28925, 28926, 28927, 28928, 28929, 28930, 28931, 28932, 28933, 28934, 28935, 28936, 28937, 28938, 28939, 28940, 28941, 28942, 28943, 29168, 29169, 29170, 29171, 29172, 29173, 29174, 29175, 29176, 29177, 29178, 29179, 29180, 29181, 29182, 29183, 29184, 29185, 29186, 29187, 29188, 29189, 29190, 29191, 29192, 29193, 29194, 29195, 29196, 29197, 29198, 29199, 29424, 29425, 29426, 29427, 29428, 29429, 29430, 29431, 29432, 29433, 29434, 29435, 29436, 29437, 29438, 29439, 29440, 29441, 29442, 29443, 29444, 29445, 29446, 29447, 29448, 29449, 29450, 29451, 29452, 29453, 29454, 29455, 29680, 29681, 29682, 29683, 29684, 29685, 29686, 29687, 29688, 29689, 29690, 29691, 29692, 29693, 29694, 29695, 29696, 29697, 29698, 29699, 29700, 29701, 29702, 29703, 29704, 29705, 29706, 29707, 29708, 29709, 29710, 29711, 29936, 29937, 29938, 29939, 29940, 29941, 29942, 29943, 29944, 29945, 29946, 29947, 29948, 29949, 29950, 29951, 29952, 29953, 29954, 29955, 29956, 29957, 29958, 29959, 29960, 29961, 29962, 29963, 29964, 29965, 29966, 29967, 30192, 30193, 30194, 30195, 30196, 30197, 30198, 30199, 30200, 30201, 30202, 30203, 30204, 30205, 30206, 30207, 30208, 30209, 30210, 30211, 30212, 30213, 30214, 30215, 30216, 30217, 30218, 30219, 30220, 30221, 30222, 30223, 30448, 30449, 30450, 30451, 30452, 30453, 30454, 30455, 30456, 30457, 30458, 30459, 30460, 30461, 30462, 30463, 30464, 30465, 30466, 30467, 30468, 30469, 30470, 30471, 30472, 30473, 30474, 30475, 30476, 30477, 30478, 30479, 30704, 30705, 30706, 30707, 30708, 30709, 30710, 30711, 30712, 30713, 30714, 30715, 30716, 30717, 30718, 30719, 30720, 30721, 30722, 30723, 30724, 30725, 30726, 30727, 30728, 30729, 30730, 30731, 30732, 30733, 30734, 30735, 30960, 30961, 30962, 30963, 30964, 30965, 30966, 30967, 30968, 30969, 30970, 30971, 30972, 30973, 30974, 30975, 30976, 30977, 30978, 30979, 30980, 30981, 30982, 30983, 30984, 30985, 30986, 30987, 30988, 30989, 30990, 30991, 31216, 31217, 31218, 31219, 31220, 31221, 31222, 31223, 31224, 31225, 31226, 31227, 31228, 31229, 31230, 31231, 31232, 31233, 31234, 31235, 31236, 31237, 31238, 31239, 31240, 31241, 31242, 31243, 31244, 31245, 31246, 31247, 31472, 31473, 31474, 31475, 31476, 31477, 31478, 31479, 31480, 31481, 31482, 31483, 31484, 31485, 31486, 31487, 31488, 31489, 31490, 31491, 31492, 31493, 31494, 31495, 31496, 31497, 31498, 31499, 31500, 31501, 31502, 31503, 31728, 31729, 31730, 31731, 31732, 31733, 31734, 31735, 31736, 31737, 31738, 31739, 31740, 31741, 31742, 31743, 31744, 31745, 31746, 31747, 31748, 31749, 31750, 31751, 31752, 31753, 31754, 31755, 31756, 31757, 31758, 31759, 31984, 31985, 31986, 31987, 31988, 31989, 31990, 31991, 31992, 31993, 31994, 31995, 31996, 31997, 31998, 31999, 32000, 32001, 32002, 32003, 32004, 32005, 32006, 32007, 32008, 32009, 32010, 32011, 32012, 32013, 32014, 32015, 32240, 32241, 32242, 32243, 32244, 32245, 32246, 32247, 32248, 32249, 32250, 32251, 32252, 32253, 32254, 32255, 32256, 32257, 32258, 32259, 32260, 32261, 32262, 32263, 32264, 32265, 32266, 32267, 32268, 32269, 32270, 32271, 32496, 32497, 32498, 32499, 32500, 32501, 32502, 32503, 32504, 32505, 32506, 32507, 32508, 32509, 32510, 32511, 32512, 32513, 32514, 32515, 32516, 32517, 32518, 32519, 32520, 32521, 32522, 32523, 32524, 32525, 32526, 32527, 32752, 32753, 32754, 32755, 32756, 32757, 32758, 32759, 32760, 32761, 32762, 32763, 32764, 32765, 32766, 32767, 32768, 32769, 32770, 32771, 32772, 32773, 32774, 32775, 32776, 32777, 32778, 32779, 32780, 32781, 32782, 32783, 33008, 33009, 33010, 33011, 33012, 33013, 33014, 33015, 33016, 33017, 33018, 33019, 33020, 33021, 33022, 33023, 33024, 33025, 33026, 33027, 33028, 33029, 33030, 33031, 33032, 33033, 33034, 33035, 33036, 33037, 33038, 33039, 33264, 33265, 33266, 33267, 33268, 33269, 33270, 33271, 33272, 33273, 33274, 33275, 33276, 33277, 33278, 33279, 33280, 33281, 33282, 33283, 33284, 33285, 33286, 33287, 33288, 33289, 33290, 33291, 33292, 33293, 33294, 33295, 33520, 33521, 33522, 33523, 33524, 33525, 33526, 33527, 33528, 33529, 33530, 33531, 33532, 33533, 33534, 33535, 33536, 33537, 33538, 33539, 33540, 33541, 33542, 33543, 33544, 33545, 33546, 33547, 33548, 33549, 33550, 33551, 33776, 33777, 33778, 33779, 33780, 33781, 33782, 33783, 33784, 33785, 33786, 33787, 33788, 33789, 33790, 33791, 33792, 33793, 33794, 33795, 33796, 33797, 33798, 33799, 33800, 33801, 33802, 33803, 33804, 33805, 33806, 33807, 34032, 34033, 34034, 34035, 34036, 34037, 34038, 34039, 34040, 34041, 34042, 34043, 34044, 34045, 34046, 34047, 34048, 34049, 34050, 34051, 34052, 34053, 34054, 34055, 34056, 34057, 34058, 34059, 34060, 34061, 34062, 34063, 34288, 34289, 34290, 34291, 34292, 34293, 34294, 34295, 34296, 34297, 34298, 34299, 34300, 34301, 34302, 34303, 34304, 34305, 34306, 34307, 34308, 34309, 34310, 34311, 34312, 34313, 34314, 34315, 34316, 34317, 34318, 34319, 34544, 34545, 34546, 34547, 34548, 34549, 34550, 34551, 34552, 34553, 34554, 34555, 34556, 34557, 34558, 34559, 34560, 34561, 34562, 34563, 34564, 34565, 34566, 34567, 34568, 34569, 34570, 34571, 34572, 34573, 34574, 34575, 34800, 34801, 34802, 34803, 34804, 34805, 34806, 34807, 34808, 34809, 34810, 34811, 34812, 34813, 34814, 34815, 34816, 34817, 34818, 34819, 34820, 34821, 34822, 34823, 34824, 34825, 34826, 34827, 34828, 34829, 34830, 34831, 35056, 35057, 35058, 35059, 35060, 35061, 35062, 35063, 35064, 35065, 35066, 35067, 35068, 35069, 35070, 35071, 35072, 35073, 35074, 35075, 35076, 35077, 35078, 35079, 35080, 35081, 35082, 35083, 35084, 35085, 35086, 35087, 35312, 35313, 35314, 35315, 35316, 35317, 35318, 35319, 35320, 35321, 35322, 35323, 35324, 35325, 35326, 35327, 35328, 35329, 35330, 35331, 35332, 35333, 35334, 35335, 35336, 35337, 35338, 35339, 35340, 35341, 35342, 35343, 35568, 35569, 35570, 35571, 35572, 35573, 35574, 35575, 35576, 35577, 35578, 35579, 35580, 35581, 35582, 35583, 35584, 35585, 35586, 35587, 35588, 35589, 35590, 35591, 35592, 35593, 35594, 35595, 35596, 35597, 35598, 35599, 35824, 35825, 35826, 35827, 35828, 35829, 35830, 35831, 35832, 35833, 35834, 35835, 35836, 35837, 35838, 35839, 35840, 35841, 35842, 35843, 35844, 35845, 35846, 35847, 35848, 35849, 35850, 35851, 35852, 35853, 35854, 35855, 36080, 36081, 36082, 36083, 36084, 36085, 36086, 36087, 36088, 36089, 36090, 36091, 36092, 36093, 36094, 36095, 36096, 36097, 36098, 36099, 36100, 36101, 36102, 36103, 36104, 36105, 36106, 36107, 36108, 36109, 36110, 36111, 36336, 36337, 36338, 36339, 36340, 36341, 36342, 36343, 36344, 36345, 36346, 36347, 36348, 36349, 36350, 36351, 36352, 36353, 36354, 36355, 36356, 36357, 36358, 36359, 36360, 36361, 36362, 36363, 36364, 36365, 36366, 36367, 36592, 36593, 36594, 36595, 36596, 36597, 36598, 36599, 36600, 36601, 36602, 36603, 36604, 36605, 36606, 36607, 36608, 36609, 36610, 36611, 36612, 36613, 36614, 36615, 36616, 36617, 36618, 36619, 36620, 36621, 36622, 36623, 36848, 36849, 36850, 36851, 36852, 36853, 36854, 36855, 36856, 36857, 36858, 36859, 36860, 36861, 36862, 36863, 36864, 36865, 36866, 36867, 36868, 36869, 36870, 36871, 36872, 36873, 36874, 36875, 36876, 36877, 36878, 36879, 37104, 37105, 37106, 37107, 37108, 37109, 37110, 37111, 37112, 37113, 37114, 37115, 37116, 37117, 37118, 37119, 37120, 37121, 37122, 37123, 37124, 37125, 37126, 37127, 37128, 37129, 37130, 37131, 37132, 37133, 37134, 37135, 37360, 37361, 37362, 37363, 37364, 37365, 37366, 37367, 37368, 37369, 37370, 37371, 37372, 37373, 37374, 37375, 37376, 37377, 37378, 37379, 37380, 37381, 37382, 37383, 37384, 37385, 37386, 37387, 37388, 37389, 37390, 37391, 37616, 37617, 37618, 37619, 37620, 37621, 37622, 37623, 37624, 37625, 37626, 37627, 37628, 37629, 37630, 37631, 37632, 37633, 37634, 37635, 37636, 37637, 37638, 37639, 37640, 37641, 37642, 37643, 37644, 37645, 37646, 37647, 37872, 37873, 37874, 37875, 37876, 37877, 37878, 37879, 37880, 37881, 37882, 37883, 37884, 37885, 37886, 37887, 37888, 37889, 37890, 37891, 37892, 37893, 37894, 37895, 37896, 37897, 37898, 37899, 37900, 37901, 37902, 37903, 37904, 37905, 37906, 37907, 37908, 37909, 37910, 37911, 37912, 37913, 37914, 37915, 37916, 37917, 37918, 37919, 37920, 37921, 37922, 37923, 37924, 37925, 37926, 37927, 37928, 37929, 37930, 37931, 37932, 37933, 37934, 37935, 37936, 37937, 37938, 37939, 37940, 37941, 37942, 37943, 37944, 37945, 37946, 37947, 37948, 37949, 37950, 37951, 37952, 37953, 37954, 37955, 37956, 37957, 37958, 37959, 37960, 37961, 37962, 37963, 37964, 37965, 37966, 37967, 37968, 37969, 37970, 37971, 37972, 37973, 37974, 37975, 37976, 37977, 37978, 37979, 37980, 37981, 37982, 37983, 37984, 37985, 37986, 37987, 37988, 37989, 37990, 37991, 37992, 37993, 37994, 37995, 37996, 37997, 37998, 37999, 38000, 38001, 38002, 38003, 38004, 38005, 38006, 38007, 38008, 38009, 38010, 38011, 38012, 38013, 38014, 38015, 38016, 38017, 38018, 38019, 38020, 38021, 38022, 38023, 38024, 38025, 38026, 38027, 38028, 38029, 38030, 38031, 38032, 38033, 38034, 38035, 38036, 38037, 38038, 38039, 38040, 38041, 38042, 38043, 38044, 38045, 38046, 38047, 38048, 38049, 38050, 38051, 38052, 38053, 38054, 38055, 38056, 38057, 38058, 38059, 38060, 38061, 38062, 38063, 38064, 38065, 38066, 38067, 38068, 38069, 38070, 38071, 38072, 38073, 38074, 38075, 38076, 38077, 38078, 38079, 38080, 38081, 38082, 38083, 38084, 38085, 38086, 38087, 38088, 38089, 38090, 38091, 38092, 38093, 38094, 38095, 38096, 38097, 38098, 38099, 38100, 38101, 38102, 38103, 38104, 38105, 38106, 38107, 38108, 38109, 38110, 38111, 38112, 38113, 38114, 38115, 38116, 38117, 38118, 38119, 38120, 38121, 38122, 38123, 38124, 38125, 38126, 38127, 38128, 38129, 38130, 38131, 38132, 38133, 38134, 38135, 38136, 38137, 38138, 38139, 38140, 38141, 38142, 38143, 38144, 38145, 38146, 38147, 38148, 38149, 38150, 38151, 38152, 38153, 38154, 38155, 38156, 38157, 38158, 38159, 38384, 38385, 38386, 38387, 38388, 38389, 38390, 38391, 38392, 38393, 38394, 38395, 38396, 38397, 38398, 38399, 38400, 38401, 38402, 38403, 38404, 38405, 38406, 38407, 38408, 38409, 38410, 38411, 38412, 38413, 38414, 38415, 38640, 38641, 38642, 38643, 38644, 38645, 38646, 38647, 38648, 38649, 38650, 38651, 38652, 38653, 38654, 38655, 38656, 38657, 38658, 38659, 38660, 38661, 38662, 38663, 38664, 38665, 38666, 38667, 38668, 38669, 38670, 38671, 38896, 38897, 38898, 38899, 38900, 38901, 38902, 38903, 38904, 38905, 38906, 38907, 38908, 38909, 38910, 38911, 38912, 38913, 38914, 38915, 38916, 38917, 38918, 38919, 38920, 38921, 38922, 38923, 38924, 38925, 38926, 38927, 39152, 39153, 39154, 39155, 39156, 39157, 39158, 39159, 39160, 39161, 39162, 39163, 39164, 39165, 39166, 39167, 39168, 39169, 39170, 39171, 39172, 39173, 39174, 39175, 39176, 39177, 39178, 39179, 39180, 39181, 39182, 39183, 39408, 39409, 39410, 39411, 39412, 39413, 39414, 39415, 39416, 39417, 39418, 39419, 39420, 39421, 39422, 39423, 39424, 39425, 39426, 39427, 39428, 39429, 39430, 39431, 39432, 39433, 39434, 39435, 39436, 39437, 39438, 39439, 39664, 39665, 39666, 39667, 39668, 39669, 39670, 39671, 39672, 39673, 39674, 39675, 39676, 39677, 39678, 39679, 39680, 39681, 39682, 39683, 39684, 39685, 39686, 39687, 39688, 39689, 39690, 39691, 39692, 39693, 39694, 39695, 39920, 39921, 39922, 39923, 39924, 39925, 39926, 39927, 39928, 39929, 39930, 39931, 39932, 39933, 39934, 39935, 39936, 39937, 39938, 39939, 39940, 39941, 39942, 39943, 39944, 39945, 39946, 39947, 39948, 39949, 39950, 39951, 40176, 40177, 40178, 40179, 40180, 40181, 40182, 40183, 40184, 40185, 40186, 40187, 40188, 40189, 40190, 40191, 40192, 40193, 40194, 40195, 40196, 40197, 40198, 40199, 40200, 40201, 40202, 40203, 40204, 40205, 40206, 40207, 40432, 40433, 40434, 40435, 40436, 40437, 40438, 40439, 40440, 40441, 40442, 40443, 40444, 40445, 40446, 40447, 40448, 40449, 40450, 40451, 40452, 40453, 40454, 40455, 40456, 40457, 40458, 40459, 40460, 40461, 40462, 40463, 40688, 40689, 40690, 40691, 40692, 40693, 40694, 40695, 40696, 40697, 40698, 40699, 40700, 40701, 40702, 40703, 40704, 40705, 40706, 40707, 40708, 40709, 40710, 40711, 40712, 40713, 40714, 40715, 40716, 40717, 40718, 40719, 40944, 40945, 40946, 40947, 40948, 40949, 40950, 40951, 40952, 40953, 40954, 40955, 40956, 40957, 40958, 40959, 40960, 40961, 40962, 40963, 40964, 40965, 40966, 40967, 40968, 40969, 40970, 40971, 40972, 40973, 40974, 40975, 41200, 41201, 41202, 41203, 41204, 41205, 41206, 41207, 41208, 41209, 41210, 41211, 41212, 41213, 41214, 41215, 41216, 41217, 41218, 41219, 41220, 41221, 41222, 41223, 41224, 41225, 41226, 41227, 41228, 41229, 41230, 41231, 41456, 41457, 41458, 41459, 41460, 41461, 41462, 41463, 41464, 41465, 41466, 41467, 41468, 41469, 41470, 41471, 41472, 41473, 41474, 41475, 41476, 41477, 41478, 41479, 41480, 41481, 41482, 41483, 41484, 41485, 41486, 41487, 41712, 41713, 41714, 41715, 41716, 41717, 41718, 41719, 41720, 41721, 41722, 41723, 41724, 41725, 41726, 41727, 41728, 41729, 41730, 41731, 41732, 41733, 41734, 41735, 41736, 41737, 41738, 41739, 41740, 41741, 41742, 41743, 41968, 41969, 41970, 41971, 41972, 41973, 41974, 41975, 41976, 41977, 41978, 41979, 41980, 41981, 41982, 41983, 41984, 41985, 41986, 41987, 41988, 41989, 41990, 41991, 41992, 41993, 41994, 41995, 41996, 41997, 41998, 41999, 42224, 42225, 42226, 42227, 42228, 42229, 42230, 42231, 42232, 42233, 42234, 42235, 42236, 42237, 42238, 42239, 42240, 42241, 42242, 42243, 42244, 42245, 42246, 42247, 42248, 42249, 42250, 42251, 42252, 42253, 42254, 42255, 42480, 42481, 42482, 42483, 42484, 42485, 42486, 42487, 42488, 42489, 42490, 42491, 42492, 42493, 42494, 42495, 42496, 42497, 42498, 42499, 42500, 42501, 42502, 42503, 42504, 42505, 42506, 42507, 42508, 42509, 42510, 42511, 42736, 42737, 42738, 42739, 42740, 42741, 42742, 42743, 42744, 42745, 42746, 42747, 42748, 42749, 42750, 42751, 42752, 42753, 42754, 42755, 42756, 42757, 42758, 42759, 42760, 42761, 42762, 42763, 42764, 42765, 42766, 42767, 42992, 42993, 42994, 42995, 42996, 42997, 42998, 42999, 43000, 43001, 43002, 43003, 43004, 43005, 43006, 43007, 43008, 43009, 43010, 43011, 43012, 43013, 43014, 43015, 43016, 43017, 43018, 43019, 43020, 43021, 43022, 43023, 43248, 43249, 43250, 43251, 43252, 43253, 43254, 43255, 43256, 43257, 43258, 43259, 43260, 43261, 43262, 43263, 43264, 43265, 43266, 43267, 43268, 43269, 43270, 43271, 43272, 43273, 43274, 43275, 43276, 43277, 43278, 43279, 43504, 43505, 43506, 43507, 43508, 43509, 43510, 43511, 43512, 43513, 43514, 43515, 43516, 43517, 43518, 43519, 43520, 43521, 43522, 43523, 43524, 43525, 43526, 43527, 43528, 43529, 43530, 43531, 43532, 43533, 43534, 43535, 43760, 43761, 43762, 43763, 43764, 43765, 43766, 43767, 43768, 43769, 43770, 43771, 43772, 43773, 43774, 43775, 43776, 43777, 43778, 43779, 43780, 43781, 43782, 43783, 43784, 43785, 43786, 43787, 43788, 43789, 43790, 43791, 44016, 44017, 44018, 44019, 44020, 44021, 44022, 44023, 44024, 44025, 44026, 44027, 44028, 44029, 44030, 44031, 44032, 44033, 44034, 44035, 44036, 44037, 44038, 44039, 44040, 44041, 44042, 44043, 44044, 44045, 44046, 44047, 44272, 44273, 44274, 44275, 44276, 44277, 44278, 44279, 44280, 44281, 44282, 44283, 44284, 44285, 44286, 44287, 44288, 44289, 44290, 44291, 44292, 44293, 44294, 44295, 44296, 44297, 44298, 44299, 44300, 44301, 44302, 44303, 44528, 44529, 44530, 44531, 44532, 44533, 44534, 44535, 44536, 44537, 44538, 44539, 44540, 44541, 44542, 44543, 44544, 44545, 44546, 44547, 44548, 44549, 44550, 44551, 44552, 44553, 44554, 44555, 44556, 44557, 44558, 44559, 44784, 44785, 44786, 44787, 44788, 44789, 44790, 44791, 44792, 44793, 44794, 44795, 44796, 44797, 44798, 44799, 44800, 44801, 44802, 44803, 44804, 44805, 44806, 44807, 44808, 44809, 44810, 44811, 44812, 44813, 44814, 44815, 45040, 45041, 45042, 45043, 45044, 45045, 45046, 45047, 45048, 45049, 45050, 45051, 45052, 45053, 45054, 45055, 45056, 45057, 45058, 45059, 45060, 45061, 45062, 45063, 45064, 45065, 45066, 45067, 45068, 45069, 45070, 45071, 45296, 45297, 45298, 45299, 45300, 45301, 45302, 45303, 45304, 45305, 45306, 45307, 45308, 45309, 45310, 45311, 45312, 45313, 45314, 45315, 45316, 45317, 45318, 45319, 45320, 45321, 45322, 45323, 45324, 45325, 45326, 45327, 45552, 45553, 45554, 45555, 45556, 45557, 45558, 45559, 45560, 45561, 45562, 45563, 45564, 45565, 45566, 45567, 45568, 45569, 45570, 45571, 45572, 45573, 45574, 45575, 45576, 45577, 45578, 45579, 45580, 45581, 45582, 45583, 45808, 45809, 45810, 45811, 45812, 45813, 45814, 45815, 45816, 45817, 45818, 45819, 45820, 45821, 45822, 45823, 45824, 45825, 45826, 45827, 45828, 45829, 45830, 45831, 45832, 45833, 45834, 45835, 45836, 45837, 45838, 45839, 46064, 46065, 46066, 46067, 46068, 46069, 46070, 46071, 46072, 46073, 46074, 46075, 46076, 46077, 46078, 46079, 46080, 46081, 46082, 46083, 46084, 46085, 46086, 46087, 46088, 46089, 46090, 46091, 46092, 46093, 46094, 46095, 46320, 46321, 46322, 46323, 46324, 46325, 46326, 46327, 46328, 46329, 46330, 46331, 46332, 46333, 46334, 46335, 46336, 46337, 46338, 46339, 46340, 46341, 46342, 46343, 46344, 46345, 46346, 46347, 46348, 46349, 46350, 46351, 46576, 46577, 46578, 46579, 46580, 46581, 46582, 46583, 46584, 46585, 46586, 46587, 46588, 46589, 46590, 46591, 46592, 46593, 46594, 46595, 46596, 46597, 46598, 46599, 46600, 46601, 46602, 46603, 46604, 46605, 46606, 46607, 46832, 46833, 46834, 46835, 46836, 46837, 46838, 46839, 46840, 46841, 46842, 46843, 46844, 46845, 46846, 46847, 46848, 46849, 46850, 46851, 46852, 46853, 46854, 46855, 46856, 46857, 46858, 46859, 46860, 46861, 46862, 46863, 47088, 47089, 47090, 47091, 47092, 47093, 47094, 47095, 47096, 47097, 47098, 47099, 47100, 47101, 47102, 47103, 47104, 47105, 47106, 47107, 47108, 47109, 47110, 47111, 47112, 47113, 47114, 47115, 47116, 47117, 47118, 47119, 47344, 47345, 47346, 47347, 47348, 47349, 47350, 47351, 47352, 47353, 47354, 47355, 47356, 47357, 47358, 47359, 47360, 47361, 47362, 47363, 47364, 47365, 47366, 47367, 47368, 47369, 47370, 47371, 47372, 47373, 47374, 47375, 47600, 47601, 47602, 47603, 47604, 47605, 47606, 47607, 47608, 47609, 47610, 47611, 47612, 47613, 47614, 47615, 47616, 47617, 47618, 47619, 47620, 47621, 47622, 47623, 47624, 47625, 47626, 47627, 47628, 47629, 47630, 47631, 47856, 47857, 47858, 47859, 47860, 47861, 47862, 47863, 47864, 47865, 47866, 47867, 47868, 47869, 47870, 47871, 47872, 47873, 47874, 47875, 47876, 47877, 47878, 47879, 47880, 47881, 47882, 47883, 47884, 47885, 47886, 47887, 48112, 48113, 48114, 48115, 48116, 48117, 48118, 48119, 48120, 48121, 48122, 48123, 48124, 48125, 48126, 48127, 48128, 48129, 48130, 48131, 48132, 48133, 48134, 48135, 48136, 48137, 48138, 48139, 48140, 48141, 48142, 48143, 48368, 48369, 48370, 48371, 48372, 48373, 48374, 48375, 48376, 48377, 48378, 48379, 48380, 48381, 48382, 48383, 48384, 48385, 48386, 48387, 48388, 48389, 48390, 48391, 48392, 48393, 48394, 48395, 48396, 48397, 48398, 48399, 48624, 48625, 48626, 48627, 48628, 48629, 48630, 48631, 48632, 48633, 48634, 48635, 48636, 48637, 48638, 48639, 48640, 48641, 48642, 48643, 48644, 48645, 48646, 48647, 48648, 48649, 48650, 48651, 48652, 48653, 48654, 48655, 48880, 48881, 48882, 48883, 48884, 48885, 48886, 48887, 48888, 48889, 48890, 48891, 48892, 48893, 48894, 48895, 48896, 48897, 48898, 48899, 48900, 48901, 48902, 48903, 48904, 48905, 48906, 48907, 48908, 48909, 48910, 48911, 49136, 49137, 49138, 49139, 49140, 49141, 49142, 49143, 49144, 49145, 49146, 49147, 49148, 49149, 49150, 49151], 'detector_offset': 0.0, 'sample_offset': -314.5, 'bin_width': 0.1, 'low_tof_clip': 500, 'high_tof_clip': 2000, 'dark_current': '__hlavz', 'flux_method': 'proton charge', 'flux': '/SNS/EQSANS/shared/instrument_configuration/bl6_flux_at_sample', 'solid_angle': True, 'sensitivity_workspace': '__zdoxy', 'center_x': 0.03357003407987576, 'center_y': 0.01878923279124259}
LoadEventNexus-[Notice] LoadEventNexus started
LoadEventNexus-[Notice] LoadEventNexus successful, Duration 0.86 seconds
MoveInstrumentComponent-[Notice] MoveInstrumentComponent started
MoveInstrumentComponent-[Notice] MoveInstrumentComponent successful, Duration 0.00 seconds
EQSANSCorrectFrame-[Notice] EQSANSCorrectFrame started
EQSANSCorrectFrame-[Notice] EQSANSCorrectFrame successful, Duration 0.08 seconds
MoveInstrumentComponent-[Notice] MoveInstrumentComponent started
MoveInstrumentComponent-[Notice] MoveInstrumentComponent successful, Duration 0.00 seconds
Python-[Warning] Clipped bands not present in the logs. Calculating using the chopper settings.
ConvertUnits-[Notice] ConvertUnits started
ConvertUnits-[Notice] ConvertUnits successful, Duration 0.05 seconds
Rebin-[Notice] Rebin started
Rebin-[Notice] Rebin successful, Duration 0.02 seconds
SetUncertainties-[Notice] SetUncertainties started
SetUncertainties-[Notice] SetUncertainties successful, Duration 0.28 seconds
SetUncertainties-[Notice] SetUncertainties started
SetUncertainties-[Notice] SetUncertainties successful, Duration 0.06 seconds
Integration-[Notice] Integration started
Integration-[Notice] Integration successful, Duration 0.24 seconds
DeleteWorkspace-[Notice] DeleteWorkspace started
DeleteWorkspace-[Notice] DeleteWorkspace successful, Duration 0.00 seconds
CreateWorkspace-[Notice] CreateWorkspace started
CreateWorkspace-[Notice] CreateWorkspace successful, Duration 0.26 seconds
Scale-[Notice] Scale started
Scale-[Notice] Scale successful, Duration 0.06 seconds
Minus-[Notice] Minus started
Minus-[Notice] Minus successful, Duration 0.06 seconds
DeleteWorkspace-[Notice] DeleteWorkspace started
DeleteWorkspace-[Notice] DeleteWorkspace successful, Duration 0.00 seconds
DeleteWorkspace-[Notice] DeleteWorkspace started
DeleteWorkspace-[Notice] DeleteWorkspace successful, Duration 0.00 seconds
CloneWorkspace-[Notice] CloneWorkspace started
CloneWorkspace-[Notice] CloneWorkspace successful, Duration 0.01 seconds
ClearMaskFlag-[Notice] ClearMaskFlag started
ClearMaskFlag-[Notice] ClearMaskFlag successful, Duration 0.00 seconds
SolidAngle-[Notice] SolidAngle started
SolidAngle-[Notice] SolidAngle successful, Duration 0.05 seconds
Divide-[Notice] Divide started
Divide-[Notice] Divide successful, Duration 0.04 seconds
ReplaceSpecialValues-[Notice] ReplaceSpecialValues started
ReplaceSpecialValues-[Notice] ReplaceSpecialValues successful, Duration 0.05 seconds
DeleteWorkspace-[Notice] DeleteWorkspace started
DeleteWorkspace-[Notice] DeleteWorkspace successful, Duration 0.00 seconds
MaskDetectors-[Notice] MaskDetectors started
MaskDetectors-[Notice] MaskDetectors successful, Duration 0.02 seconds
ExtractMask-[Notice] ExtractMask started
ExtractMask-[Notice] ExtractMask successful, Duration 0.10 seconds
MaskDetectors-[Notice] MaskDetectors started
MaskDetectors-[Notice] Masking using workspace indicies
MaskDetectors-[Notice] MaskDetectors successful, Duration 0.00 seconds
ReplaceSpecialValues-[Notice] ReplaceSpecialValues started
ReplaceSpecialValues-[Notice] ReplaceSpecialValues successful, Duration 0.05 seconds
MaskDetectorsIf-[Notice] MaskDetectorsIf started
MaskDetectorsIf-[Notice] MaskDetectorsIf successful, Duration 0.02 seconds
Divide-[Notice] Divide started
Divide-[Notice] Divide successful, Duration 0.05 seconds
DeleteWorkspace-[Notice] DeleteWorkspace started
DeleteWorkspace-[Notice] DeleteWorkspace successful, Duration 0.00 seconds
LoadAscii-[Notice] LoadAscii started
LoadAscii-[Notice] LoadAscii successful, Duration 0.00 seconds
ConvertToHistogram-[Notice] ConvertToHistogram started
ConvertToHistogram-[Notice] ConvertToHistogram successful, Duration 0.04 seconds
RebinToWorkspace-[Notice] RebinToWorkspace started
RebinToWorkspace-[Notice] RebinToWorkspace successful, Duration 0.02 seconds
RebinToWorkspace-[Notice] RebinToWorkspace started
RebinToWorkspace-[Notice] RebinToWorkspace successful, Duration 0.02 seconds
Divide-[Notice] Divide started
Divide-[Notice] Divide successful, Duration 0.04 seconds
DeleteWorkspace-[Notice] DeleteWorkspace started
DeleteWorkspace-[Notice] DeleteWorkspace successful, Duration 0.00 seconds
NormaliseByCurrent-[Notice] NormaliseByCurrent started
NormaliseByCurrent-[Notice] NormaliseByCurrent successful, Duration 0.04 seconds
DeleteWorkspace-[Notice] DeleteWorkspace started
DeleteWorkspace-[Notice] DeleteWorkspace successful, Duration 0.00 seconds
Python-[Notice] ...applying transmission correction with transmission file.
LoadEventNexus-[Notice] LoadEventNexus started
LoadEventNexus-[Notice] LoadEventNexus successful, Duration 1.81 seconds
MoveInstrumentComponent-[Notice] MoveInstrumentComponent started
MoveInstrumentComponent-[Notice] MoveInstrumentComponent successful, Duration 0.00 seconds
EQSANSCorrectFrame-[Notice] EQSANSCorrectFrame started
EQSANSCorrectFrame-[Notice] EQSANSCorrectFrame successful, Duration 0.08 seconds
MoveInstrumentComponent-[Notice] MoveInstrumentComponent started
MoveInstrumentComponent-[Notice] MoveInstrumentComponent successful, Duration 0.00 seconds
Python-[Warning] Clipped bands not present in the logs. Calculating using the chopper settings.
ConvertUnits-[Notice] ConvertUnits started
ConvertUnits-[Notice] ConvertUnits successful, Duration 0.06 seconds
Rebin-[Notice] Rebin started
Rebin-[Notice] Rebin successful, Duration 0.02 seconds
SetUncertainties-[Notice] SetUncertainties started
SetUncertainties-[Notice] SetUncertainties successful, Duration 0.28 seconds
SetUncertainties-[Notice] SetUncertainties started
SetUncertainties-[Notice] SetUncertainties successful, Duration 0.06 seconds
Integration-[Notice] Integration started
Integration-[Notice] Integration successful, Duration 0.21 seconds
DeleteWorkspace-[Notice] DeleteWorkspace started
DeleteWorkspace-[Notice] DeleteWorkspace successful, Duration 0.00 seconds
CreateWorkspace-[Notice] CreateWorkspace started
CreateWorkspace-[Notice] CreateWorkspace successful, Duration 0.27 seconds
Scale-[Notice] Scale started
Scale-[Notice] Scale successful, Duration 0.06 seconds
Minus-[Notice] Minus started
Minus-[Notice] Minus successful, Duration 0.06 seconds
DeleteWorkspace-[Notice] DeleteWorkspace started
DeleteWorkspace-[Notice] DeleteWorkspace successful, Duration 0.00 seconds
DeleteWorkspace-[Notice] DeleteWorkspace started
DeleteWorkspace-[Notice] DeleteWorkspace successful, Duration 0.00 seconds
CloneWorkspace-[Notice] CloneWorkspace started
CloneWorkspace-[Notice] CloneWorkspace successful, Duration 0.01 seconds
ClearMaskFlag-[Notice] ClearMaskFlag started
ClearMaskFlag-[Notice] ClearMaskFlag successful, Duration 0.00 seconds
SolidAngle-[Notice] SolidAngle started
SolidAngle-[Notice] SolidAngle successful, Duration 0.06 seconds
Divide-[Notice] Divide started
Divide-[Notice] Divide successful, Duration 0.05 seconds
ReplaceSpecialValues-[Notice] ReplaceSpecialValues started
ReplaceSpecialValues-[Notice] ReplaceSpecialValues successful, Duration 0.05 seconds
DeleteWorkspace-[Notice] DeleteWorkspace started
DeleteWorkspace-[Notice] DeleteWorkspace successful, Duration 0.00 seconds
MaskDetectors-[Notice] MaskDetectors started
MaskDetectors-[Notice] MaskDetectors successful, Duration 0.02 seconds
ExtractMask-[Notice] ExtractMask started
ExtractMask-[Notice] ExtractMask successful, Duration 0.11 seconds
MaskDetectors-[Notice] MaskDetectors started
MaskDetectors-[Notice] Masking using workspace indicies
MaskDetectors-[Notice] MaskDetectors successful, Duration 0.00 seconds
ReplaceSpecialValues-[Notice] ReplaceSpecialValues started
ReplaceSpecialValues-[Notice] ReplaceSpecialValues successful, Duration 0.06 seconds
MaskDetectorsIf-[Notice] MaskDetectorsIf started
MaskDetectorsIf-[Notice] MaskDetectorsIf successful, Duration 0.02 seconds
Divide-[Notice] Divide started
Divide-[Notice] Divide successful, Duration 0.06 seconds
DeleteWorkspace-[Notice] DeleteWorkspace started
DeleteWorkspace-[Notice] DeleteWorkspace successful, Duration 0.00 seconds
LoadAscii-[Notice] LoadAscii started
LoadAscii-[Notice] LoadAscii successful, Duration 0.00 seconds
ConvertToHistogram-[Notice] ConvertToHistogram started
ConvertToHistogram-[Notice] ConvertToHistogram successful, Duration 0.04 seconds
RebinToWorkspace-[Notice] RebinToWorkspace started
RebinToWorkspace-[Notice] RebinToWorkspace successful, Duration 0.02 seconds
RebinToWorkspace-[Notice] RebinToWorkspace started
RebinToWorkspace-[Notice] RebinToWorkspace successful, Duration 0.02 seconds
Divide-[Notice] Divide started
Divide-[Notice] Divide successful, Duration 0.05 seconds
DeleteWorkspace-[Notice] DeleteWorkspace started
DeleteWorkspace-[Notice] DeleteWorkspace successful, Duration 0.00 seconds
NormaliseByCurrent-[Notice] NormaliseByCurrent started
NormaliseByCurrent-[Notice] NormaliseByCurrent successful, Duration 0.05 seconds
DeleteWorkspace-[Notice] DeleteWorkspace started
DeleteWorkspace-[Notice] DeleteWorkspace successful, Duration 0.00 seconds
Python-[Notice] Radius calculated from the input workspace = 2.5e+04 mm
FindDetectorsInShape-[Notice] FindDetectorsInShape started
FindDetectorsInShape-[Notice] FindDetectorsInShape successful, Duration 0.00 seconds
ExtractMask-[Notice] ExtractMask started
ExtractMask-[Notice] ExtractMask successful, Duration 0.10 seconds
DeleteWorkspace-[Notice] DeleteWorkspace started
DeleteWorkspace-[Notice] DeleteWorkspace successful, Duration 0.00 seconds
ExtractMask-[Notice] ExtractMask started
ExtractMask-[Notice] ExtractMask successful, Duration 0.11 seconds
DeleteWorkspace-[Notice] DeleteWorkspace started
DeleteWorkspace-[Notice] DeleteWorkspace successful, Duration 0.00 seconds
GroupDetectors-[Notice] GroupDetectors started
GroupDetectors-[Notice] GroupDetectors successful, Duration 0.05 seconds
GroupDetectors-[Notice] GroupDetectors started
GroupDetectors-[Notice] GroupDetectors successful, Duration 0.04 seconds
RebinToWorkspace-[Notice] RebinToWorkspace started
RebinToWorkspace-[Notice] RebinToWorkspace successful, Duration 0.02 seconds
Divide-[Notice] Divide started
Divide-[Notice] Divide successful, Duration 0.05 seconds
Python-[Warning] Average zero angle transmission = 0.8846270965345261 +/- 0.07026011701121658
DeleteWorkspace-[Notice] DeleteWorkspace started
DeleteWorkspace-[Notice] DeleteWorkspace successful, Duration 0.00 seconds
DeleteWorkspace-[Notice] DeleteWorkspace started
DeleteWorkspace-[Notice] DeleteWorkspace successful, Duration 0.00 seconds
Python-[Notice] Radius calculated from the input workspace = 2.5e+04 mm
FindDetectorsInShape-[Notice] FindDetectorsInShape started
FindDetectorsInShape-[Notice] FindDetectorsInShape successful, Duration 0.00 seconds
ExtractMask-[Notice] ExtractMask started
ExtractMask-[Notice] ExtractMask successful, Duration 0.12 seconds
DeleteWorkspace-[Notice] DeleteWorkspace started
DeleteWorkspace-[Notice] DeleteWorkspace successful, Duration 0.00 seconds
ExtractMask-[Notice] ExtractMask started
ExtractMask-[Notice] ExtractMask successful, Duration 0.10 seconds
DeleteWorkspace-[Notice] DeleteWorkspace started
DeleteWorkspace-[Notice] DeleteWorkspace successful, Duration 0.00 seconds
GroupDetectors-[Notice] GroupDetectors started
GroupDetectors-[Notice] GroupDetectors successful, Duration 0.03 seconds
GroupDetectors-[Notice] GroupDetectors started
GroupDetectors-[Notice] GroupDetectors successful, Duration 0.03 seconds
RebinToWorkspace-[Notice] RebinToWorkspace started
RebinToWorkspace-[Notice] RebinToWorkspace successful, Duration 0.02 seconds
Divide-[Notice] Divide started
Divide-[Notice] Divide successful, Duration 0.04 seconds
Python-[Warning] Average zero angle transmission = 0.8846270965345261 +/- 0.07026011701121658
DeleteWorkspace-[Notice] DeleteWorkspace started
DeleteWorkspace-[Notice] DeleteWorkspace successful, Duration 0.00 seconds
DeleteWorkspace-[Notice] DeleteWorkspace started
DeleteWorkspace-[Notice] DeleteWorkspace successful, Duration 0.00 seconds
Fit-[Notice] Fit started
Fit-[Notice] Fit status: success
Fit-[Notice] Stopped after 4 iterations
Fit-[Notice] Fit successful, Duration 0.00 seconds
CloneWorkspace-[Notice] CloneWorkspace started
CloneWorkspace-[Notice] CloneWorkspace successful, Duration 0.00 seconds
CloneWorkspace-[Notice] CloneWorkspace started
CloneWorkspace-[Notice] CloneWorkspace successful, Duration 0.00 seconds
SaveAscii-[Notice] SaveAscii started
SaveAscii-[Notice] SaveAscii successful, Duration 0.00 seconds
SaveAscii-[Notice] SaveAscii started
SaveAscii-[Notice] SaveAscii successful, Duration 0.00 seconds
ReplaceSpecialValues-[Notice] ReplaceSpecialValues started
ReplaceSpecialValues-[Notice] ReplaceSpecialValues successful, Duration 0.01 seconds
ApplyTransmissionCorrection-[Notice] ApplyTransmissionCorrection started
ApplyTransmissionCorrection-[Notice] ApplyTransmissionCorrection successful, Duration 0.31 seconds
DeleteWorkspace-[Notice] DeleteWorkspace started
DeleteWorkspace-[Notice] DeleteWorkspace successful, Duration 0.00 seconds
Python-[Notice] ...applying bkg_subtraction.
LoadEventNexus-[Notice] LoadEventNexus started
LoadEventNexus-[Notice] LoadEventNexus successful, Duration 9.20 seconds
MoveInstrumentComponent-[Notice] MoveInstrumentComponent started
MoveInstrumentComponent-[Notice] MoveInstrumentComponent successful, Duration 0.00 seconds
EQSANSCorrectFrame-[Notice] EQSANSCorrectFrame started
EQSANSCorrectFrame-[Notice] EQSANSCorrectFrame successful, Duration 0.48 seconds
MoveInstrumentComponent-[Notice] MoveInstrumentComponent started
MoveInstrumentComponent-[Notice] MoveInstrumentComponent successful, Duration 0.00 seconds
Python-[Warning] Clipped bands not present in the logs. Calculating using the chopper settings.
ConvertUnits-[Notice] ConvertUnits started
ConvertUnits-[Notice] ConvertUnits successful, Duration 0.10 seconds
Rebin-[Notice] Rebin started
Rebin-[Notice] Rebin successful, Duration 0.03 seconds
SetUncertainties-[Notice] SetUncertainties started
SetUncertainties-[Notice] SetUncertainties successful, Duration 0.29 seconds
SetUncertainties-[Notice] SetUncertainties started
SetUncertainties-[Notice] SetUncertainties successful, Duration 0.07 seconds
Integration-[Notice] Integration started
Integration-[Notice] Integration successful, Duration 0.22 seconds
DeleteWorkspace-[Notice] DeleteWorkspace started
DeleteWorkspace-[Notice] DeleteWorkspace successful, Duration 0.00 seconds
CreateWorkspace-[Notice] CreateWorkspace started
CreateWorkspace-[Notice] CreateWorkspace successful, Duration 0.26 seconds
Scale-[Notice] Scale started
Scale-[Notice] Scale successful, Duration 0.08 seconds
Minus-[Notice] Minus started
Minus-[Notice] Minus successful, Duration 0.07 seconds
DeleteWorkspace-[Notice] DeleteWorkspace started
DeleteWorkspace-[Notice] DeleteWorkspace successful, Duration 0.00 seconds
DeleteWorkspace-[Notice] DeleteWorkspace started
DeleteWorkspace-[Notice] DeleteWorkspace successful, Duration 0.00 seconds
CloneWorkspace-[Notice] CloneWorkspace started
CloneWorkspace-[Notice] CloneWorkspace successful, Duration 0.02 seconds
ClearMaskFlag-[Notice] ClearMaskFlag started
ClearMaskFlag-[Notice] ClearMaskFlag successful, Duration 0.00 seconds
SolidAngle-[Notice] SolidAngle started
SolidAngle-[Notice] SolidAngle successful, Duration 0.07 seconds
Divide-[Notice] Divide started
Divide-[Notice] Divide successful, Duration 0.06 seconds
ReplaceSpecialValues-[Notice] ReplaceSpecialValues started
ReplaceSpecialValues-[Notice] ReplaceSpecialValues successful, Duration 0.06 seconds
DeleteWorkspace-[Notice] DeleteWorkspace started
DeleteWorkspace-[Notice] DeleteWorkspace successful, Duration 0.00 seconds
MaskDetectors-[Notice] MaskDetectors started
MaskDetectors-[Notice] MaskDetectors successful, Duration 0.03 seconds
ExtractMask-[Notice] ExtractMask started
ExtractMask-[Notice] ExtractMask successful, Duration 0.13 seconds
MaskDetectors-[Notice] MaskDetectors started
MaskDetectors-[Notice] Masking using workspace indicies
MaskDetectors-[Notice] MaskDetectors successful, Duration 0.01 seconds
ReplaceSpecialValues-[Notice] ReplaceSpecialValues started
ReplaceSpecialValues-[Notice] ReplaceSpecialValues successful, Duration 0.08 seconds
MaskDetectorsIf-[Notice] MaskDetectorsIf started
MaskDetectorsIf-[Notice] MaskDetectorsIf successful, Duration 0.02 seconds
Divide-[Notice] Divide started
Divide-[Notice] Divide successful, Duration 0.05 seconds
DeleteWorkspace-[Notice] DeleteWorkspace started
DeleteWorkspace-[Notice] DeleteWorkspace successful, Duration 0.00 seconds
LoadAscii-[Notice] LoadAscii started
LoadAscii-[Notice] LoadAscii successful, Duration 0.00 seconds
ConvertToHistogram-[Notice] ConvertToHistogram started
ConvertToHistogram-[Notice] ConvertToHistogram successful, Duration 0.05 seconds
RebinToWorkspace-[Notice] RebinToWorkspace started
RebinToWorkspace-[Notice] RebinToWorkspace successful, Duration 0.01 seconds
RebinToWorkspace-[Notice] RebinToWorkspace started
RebinToWorkspace-[Notice] RebinToWorkspace successful, Duration 0.03 seconds
Divide-[Notice] Divide started
Divide-[Notice] Divide successful, Duration 0.04 seconds
DeleteWorkspace-[Notice] DeleteWorkspace started
DeleteWorkspace-[Notice] DeleteWorkspace successful, Duration 0.00 seconds
NormaliseByCurrent-[Notice] NormaliseByCurrent started
NormaliseByCurrent-[Notice] NormaliseByCurrent successful, Duration 0.05 seconds
DeleteWorkspace-[Notice] DeleteWorkspace started
DeleteWorkspace-[Notice] DeleteWorkspace successful, Duration 0.00 seconds
Python-[Notice] ...applying bkg_transmission correction with transmission file.
LoadEventNexus-[Notice] LoadEventNexus started
LoadEventNexus-[Notice] LoadEventNexus successful, Duration 2.42 seconds
MoveInstrumentComponent-[Notice] MoveInstrumentComponent started
MoveInstrumentComponent-[Notice] MoveInstrumentComponent successful, Duration 0.00 seconds
EQSANSCorrectFrame-[Notice] EQSANSCorrectFrame started
EQSANSCorrectFrame-[Notice] EQSANSCorrectFrame successful, Duration 0.08 seconds
MoveInstrumentComponent-[Notice] MoveInstrumentComponent started
MoveInstrumentComponent-[Notice] MoveInstrumentComponent successful, Duration 0.00 seconds
Python-[Warning] Clipped bands not present in the logs. Calculating using the chopper settings.
ConvertUnits-[Notice] ConvertUnits started
ConvertUnits-[Notice] ConvertUnits successful, Duration 0.06 seconds
Rebin-[Notice] Rebin started
Rebin-[Notice] Rebin successful, Duration 0.02 seconds
SetUncertainties-[Notice] SetUncertainties started
SetUncertainties-[Notice] SetUncertainties successful, Duration 0.38 seconds
SetUncertainties-[Notice] SetUncertainties started
SetUncertainties-[Notice] SetUncertainties successful, Duration 0.07 seconds
Integration-[Notice] Integration started
Integration-[Notice] Integration successful, Duration 0.23 seconds
DeleteWorkspace-[Notice] DeleteWorkspace started
DeleteWorkspace-[Notice] DeleteWorkspace successful, Duration 0.00 seconds
CreateWorkspace-[Notice] CreateWorkspace started
CreateWorkspace-[Notice] CreateWorkspace successful, Duration 0.37 seconds
Scale-[Notice] Scale started
Scale-[Notice] Scale successful, Duration 0.08 seconds
Minus-[Notice] Minus started
Minus-[Notice] Minus successful, Duration 0.06 seconds
DeleteWorkspace-[Notice] DeleteWorkspace started
DeleteWorkspace-[Notice] DeleteWorkspace successful, Duration 0.00 seconds
DeleteWorkspace-[Notice] DeleteWorkspace started
DeleteWorkspace-[Notice] DeleteWorkspace successful, Duration 0.00 seconds
CloneWorkspace-[Notice] CloneWorkspace started
CloneWorkspace-[Notice] CloneWorkspace successful, Duration 0.01 seconds
ClearMaskFlag-[Notice] ClearMaskFlag started
ClearMaskFlag-[Notice] ClearMaskFlag successful, Duration 0.00 seconds
SolidAngle-[Notice] SolidAngle started
SolidAngle-[Notice] SolidAngle successful, Duration 0.06 seconds
Divide-[Notice] Divide started
Divide-[Notice] Divide successful, Duration 0.04 seconds
ReplaceSpecialValues-[Notice] ReplaceSpecialValues started
ReplaceSpecialValues-[Notice] ReplaceSpecialValues successful, Duration 0.05 seconds
DeleteWorkspace-[Notice] DeleteWorkspace started
DeleteWorkspace-[Notice] DeleteWorkspace successful, Duration 0.00 seconds
MaskDetectors-[Notice] MaskDetectors started
MaskDetectors-[Notice] MaskDetectors successful, Duration 0.02 seconds
ExtractMask-[Notice] ExtractMask started
ExtractMask-[Notice] ExtractMask successful, Duration 0.10 seconds
MaskDetectors-[Notice] MaskDetectors started
MaskDetectors-[Notice] Masking using workspace indicies
MaskDetectors-[Notice] MaskDetectors successful, Duration 0.00 seconds
ReplaceSpecialValues-[Notice] ReplaceSpecialValues started
ReplaceSpecialValues-[Notice] ReplaceSpecialValues successful, Duration 0.06 seconds
MaskDetectorsIf-[Notice] MaskDetectorsIf started
MaskDetectorsIf-[Notice] MaskDetectorsIf successful, Duration 0.02 seconds
Divide-[Notice] Divide started
Divide-[Notice] Divide successful, Duration 0.05 seconds
DeleteWorkspace-[Notice] DeleteWorkspace started
DeleteWorkspace-[Notice] DeleteWorkspace successful, Duration 0.00 seconds
LoadAscii-[Notice] LoadAscii started
LoadAscii-[Notice] LoadAscii successful, Duration 0.00 seconds
ConvertToHistogram-[Notice] ConvertToHistogram started
ConvertToHistogram-[Notice] ConvertToHistogram successful, Duration 0.04 seconds
RebinToWorkspace-[Notice] RebinToWorkspace started
RebinToWorkspace-[Notice] RebinToWorkspace successful, Duration 0.02 seconds
RebinToWorkspace-[Notice] RebinToWorkspace started
RebinToWorkspace-[Notice] RebinToWorkspace successful, Duration 0.02 seconds
Divide-[Notice] Divide started
Divide-[Notice] Divide successful, Duration 0.04 seconds
DeleteWorkspace-[Notice] DeleteWorkspace started
DeleteWorkspace-[Notice] DeleteWorkspace successful, Duration 0.00 seconds
NormaliseByCurrent-[Notice] NormaliseByCurrent started
NormaliseByCurrent-[Notice] NormaliseByCurrent successful, Duration 0.06 seconds
DeleteWorkspace-[Notice] DeleteWorkspace started
DeleteWorkspace-[Notice] DeleteWorkspace successful, Duration 0.00 seconds
Python-[Notice] Radius calculated from the input workspace = 2.5e+04 mm
FindDetectorsInShape-[Notice] FindDetectorsInShape started
FindDetectorsInShape-[Notice] FindDetectorsInShape successful, Duration 0.00 seconds
ExtractMask-[Notice] ExtractMask started
ExtractMask-[Notice] ExtractMask successful, Duration 0.13 seconds
DeleteWorkspace-[Notice] DeleteWorkspace started
DeleteWorkspace-[Notice] DeleteWorkspace successful, Duration 0.00 seconds
ExtractMask-[Notice] ExtractMask started
ExtractMask-[Notice] ExtractMask successful, Duration 0.11 seconds
DeleteWorkspace-[Notice] DeleteWorkspace started
DeleteWorkspace-[Notice] DeleteWorkspace successful, Duration 0.00 seconds
GroupDetectors-[Notice] GroupDetectors started
GroupDetectors-[Notice] GroupDetectors successful, Duration 0.04 seconds
GroupDetectors-[Notice] GroupDetectors started
GroupDetectors-[Notice] GroupDetectors successful, Duration 0.03 seconds
RebinToWorkspace-[Notice] RebinToWorkspace started
RebinToWorkspace-[Notice] RebinToWorkspace successful, Duration 0.02 seconds
Divide-[Notice] Divide started
Divide-[Notice] Divide successful, Duration 0.06 seconds
Python-[Warning] Average zero angle transmission = 0.9531481513432074 +/- 0.07570829502778277
DeleteWorkspace-[Notice] DeleteWorkspace started
DeleteWorkspace-[Notice] DeleteWorkspace successful, Duration 0.00 seconds
DeleteWorkspace-[Notice] DeleteWorkspace started
DeleteWorkspace-[Notice] DeleteWorkspace successful, Duration 0.00 seconds
Python-[Notice] Radius calculated from the input workspace = 2.5e+04 mm
FindDetectorsInShape-[Notice] FindDetectorsInShape started
FindDetectorsInShape-[Notice] FindDetectorsInShape successful, Duration 0.00 seconds
ExtractMask-[Notice] ExtractMask started
ExtractMask-[Notice] ExtractMask successful, Duration 0.12 seconds
DeleteWorkspace-[Notice] DeleteWorkspace started
DeleteWorkspace-[Notice] DeleteWorkspace successful, Duration 0.00 seconds
ExtractMask-[Notice] ExtractMask started
ExtractMask-[Notice] ExtractMask successful, Duration 0.11 seconds
DeleteWorkspace-[Notice] DeleteWorkspace started
DeleteWorkspace-[Notice] DeleteWorkspace successful, Duration 0.00 seconds
GroupDetectors-[Notice] GroupDetectors started
GroupDetectors-[Notice] GroupDetectors successful, Duration 0.04 seconds
GroupDetectors-[Notice] GroupDetectors started
GroupDetectors-[Notice] GroupDetectors successful, Duration 0.05 seconds
RebinToWorkspace-[Notice] RebinToWorkspace started
RebinToWorkspace-[Notice] RebinToWorkspace successful, Duration 0.02 seconds
Divide-[Notice] Divide started
Divide-[Notice] Divide successful, Duration 0.04 seconds
Python-[Warning] Average zero angle transmission = 0.9531481513432074 +/- 0.07570829502778277
DeleteWorkspace-[Notice] DeleteWorkspace started
DeleteWorkspace-[Notice] DeleteWorkspace successful, Duration 0.00 seconds
DeleteWorkspace-[Notice] DeleteWorkspace started
DeleteWorkspace-[Notice] DeleteWorkspace successful, Duration 0.00 seconds
Fit-[Notice] Fit started
Fit-[Notice] Fit status: success
Fit-[Notice] Stopped after 4 iterations
Fit-[Notice] Fit successful, Duration 0.00 seconds
CloneWorkspace-[Notice] CloneWorkspace started
CloneWorkspace-[Notice] CloneWorkspace successful, Duration 0.00 seconds
CloneWorkspace-[Notice] CloneWorkspace started
CloneWorkspace-[Notice] CloneWorkspace successful, Duration 0.00 seconds
Python-[Notice] ...saving bkg_transmission file /SNS/users/j35/tmp/drt-sans/reduced/EQSANS_112300_bkg_112296_trans.txt
SaveAscii-[Notice] SaveAscii started
SaveAscii-[Notice] SaveAscii successful, Duration 0.00 seconds
SaveAscii-[Notice] SaveAscii started
SaveAscii-[Notice] SaveAscii successful, Duration 0.00 seconds
ReplaceSpecialValues-[Notice] ReplaceSpecialValues started
ReplaceSpecialValues-[Notice] ReplaceSpecialValues successful, Duration 0.01 seconds
ApplyTransmissionCorrection-[Notice] ApplyTransmissionCorrection started
ApplyTransmissionCorrection-[Notice] ApplyTransmissionCorrection successful, Duration 0.32 seconds
DeleteWorkspace-[Notice] DeleteWorkspace started
DeleteWorkspace-[Notice] DeleteWorkspace successful, Duration 0.00 seconds
RebinToWorkspace-[Notice] RebinToWorkspace started
RebinToWorkspace-[Notice] RebinToWorkspace successful, Duration 0.10 seconds
CreateSingleValuedWorkspace-[Notice] CreateSingleValuedWorkspace started
CreateSingleValuedWorkspace-[Notice] CreateSingleValuedWorkspace successful, Duration 0.00 seconds
Multiply-[Notice] Multiply started
Multiply-[Notice] Multiply successful, Duration 0.04 seconds
Minus-[Notice] Minus started
Minus-[Notice] Minus successful, Duration 0.07 seconds
DeleteWorkspace-[Notice] DeleteWorkspace started
DeleteWorkspace-[Notice] DeleteWorkspace successful, Duration 0.00 seconds
DeleteWorkspace-[Notice] DeleteWorkspace started
DeleteWorkspace-[Notice] DeleteWorkspace successful, Duration 0.00 seconds
CreateSingleValuedWorkspace-[Notice] CreateSingleValuedWorkspace started
CreateSingleValuedWorkspace-[Notice] CreateSingleValuedWorkspace successful, Duration 0.00 seconds
Divide-[Notice] Divide started
Divide-[Notice] Divide successful, Duration 0.04 seconds
CreateSingleValuedWorkspace-[Notice] CreateSingleValuedWorkspace started
CreateSingleValuedWorkspace-[Notice] CreateSingleValuedWorkspace successful, Duration 0.00 seconds
Multiply-[Notice] Multiply started
Multiply-[Notice] Multiply successful, Duration 0.04 seconds
LoadNexusProcessed-[Notice] LoadNexusProcessed started
LoadNexusProcessed-[Notice] LoadNexusProcessed successful, Duration 7.46 seconds
MaskDetectors-[Notice] MaskDetectors started
MaskDetectors-[Notice] Masking using workspace indicies
MaskDetectors-[Notice] MaskDetectors successful, Duration 0.05 seconds
DeleteWorkspace-[Notice] DeleteWorkspace started
DeleteWorkspace-[Notice] DeleteWorkspace successful, Duration 0.00 seconds
ExtractMask-[Notice] ExtractMask started
ExtractMask-[Notice] ExtractMask successful, Duration 0.15 seconds
SaveNexus-[Notice] SaveNexus started
SaveNexus-[Notice] SaveNexus successful, Duration 4.54 seconds
Python-[Notice] ...BinningMethod = WEIGHTED.
Python-[Notice] ...Reduction finished.
(80,) (80,) (80, 80)
